[ 2016-03-26T14:27:49+08:00 ] ::1 /zettaiOpe/admin.php
INFO: [ app_init ] --START--
INFO: Run Behavior\BuildLiteBehavior [ RunTime:0.000039s ]
INFO: [ app_init ] --END-- [ RunTime:0.001146s ]

[ 2016-03-26T14:27:49+08:00 ] ::1 /zettaiOpe/admin.php?s=Home/Home/logout
INFO: [ app_init ] --START--
INFO: Run Behavior\BuildLiteBehavior [ RunTime:0.000011s ]
INFO: [ app_init ] --END-- [ RunTime:0.000072s ]

[ 2016-03-26T14:27:49+08:00 ] ::1 /zettaiOpe/admin.php?s=Home/Home/login
INFO: [ app_init ] --START--
INFO: Run Behavior\BuildLiteBehavior [ RunTime:0.000009s ]
INFO: [ app_init ] --END-- [ RunTime:0.000041s ]

[ 2016-03-26T14:27:55+08:00 ] ::1 /zettaiOpe/admin.php?s=Home/Home/login
INFO: [ app_init ] --START--
INFO: Run Behavior\BuildLiteBehavior [ RunTime:0.000009s ]
INFO: [ app_init ] --END-- [ RunTime:0.000040s ]

[ 2016-03-26T14:27:55+08:00 ] ::1 /zettaiOpe/admin.php?s=Home/Index/index
INFO: [ app_init ] --START--
INFO: Run Behavior\BuildLiteBehavior [ RunTime:0.000014s ]
INFO: [ app_init ] --END-- [ RunTime:0.000073s ]

[ 2016-03-26T14:28:27+08:00 ] ::1 /zettaiOpe/admin.php?s=/Home/SMChannel
INFO: [ app_init ] --START--
INFO: Run Behavior\BuildLiteBehavior [ RunTime:0.000014s ]
INFO: [ app_init ] --END-- [ RunTime:0.000108s ]

[ 2016-03-26T14:28:28+08:00 ] ::1 /zettaiOpe/admin.php?s=/Home/SMServer
INFO: [ app_init ] --START--
INFO: Run Behavior\BuildLiteBehavior [ RunTime:0.000010s ]
INFO: [ app_init ] --END-- [ RunTime:0.000068s ]

[ 2016-03-26T14:28:44+08:00 ] ::1 /zettaiOpe/admin.php?s=/Home/SMServer/status&server_id=103&search_channel_id=0&id=3
INFO: [ app_init ] --START--
INFO: Run Behavior\BuildLiteBehavior [ RunTime:0.000011s ]
INFO: [ app_init ] --END-- [ RunTime:0.000080s ]

[ 2016-03-26T14:28:45+08:00 ] ::1 /zettaiOpe/admin.php?s=/Home/SMServer/index&search_channel_id=0
INFO: [ app_init ] --START--
INFO: Run Behavior\BuildLiteBehavior [ RunTime:0.000009s ]
INFO: [ app_init ] --END-- [ RunTime:0.000042s ]

[ 2016-03-26T14:28:49+08:00 ] ::1 /zettaiOpe/admin.php?s=/Home/SMServer/status&server_id=103&search_channel_id=0&id=3
INFO: [ app_init ] --START--
INFO: Run Behavior\BuildLiteBehavior [ RunTime:0.000009s ]
INFO: [ app_init ] --END-- [ RunTime:0.000045s ]

[ 2016-03-26T14:28:50+08:00 ] ::1 /zettaiOpe/admin.php?s=/Home/SMServer/index&search_channel_id=0
INFO: [ app_init ] --START--
INFO: Run Behavior\BuildLiteBehavior [ RunTime:0.000010s ]
INFO: [ app_init ] --END-- [ RunTime:0.000044s ]

[ 2016-03-26T14:29:00+08:00 ] ::1 /zettaiOpe/admin.php?s=/Home/SMServer/channel&server_id=101&search_channel_id=0&id=1
INFO: [ app_init ] --START--
INFO: Run Behavior\BuildLiteBehavior [ RunTime:0.000011s ]
INFO: [ app_init ] --END-- [ RunTime:0.000081s ]

[ 2016-03-26T14:29:00+08:00 ] ::1 /zettaiOpe/admin.php?s=/Home/SMServer/channel&server_id=101&search_channel_id=0&id=1
INFO: [ app_init ] --START--
INFO: Run Behavior\BuildLiteBehavior [ RunTime:0.000011s ]
INFO: [ app_init ] --END-- [ RunTime:0.000093s ]

[ 2016-03-26T14:29:17+08:00 ] ::1 /zettaiOpe/admin.php?s=/Home/SMServer/channelAdd&server_id=101&search_channel_id=0&id=1
INFO: [ app_init ] --START--
INFO: Run Behavior\BuildLiteBehavior [ RunTime:0.000008s ]
INFO: [ app_init ] --END-- [ RunTime:0.000040s ]

[ 2016-03-26T16:38:03+08:00 ] ::1 /zettaiOpe/admin.php?s=/Home/SMServer
INFO: [ app_init ] --START--
INFO: Run Behavior\BuildLiteBehavior [ RunTime:0.000011s ]
INFO: [ app_init ] --END-- [ RunTime:0.000054s ]

[ 2016-03-26T16:38:04+08:00 ] ::1 /zettaiOpe/admin.php?s=/Home/SMServer/channel&server_id=101&search_channel_id=0&id=1
INFO: [ app_init ] --START--
INFO: Run Behavior\BuildLiteBehavior [ RunTime:0.000009s ]
INFO: [ app_init ] --END-- [ RunTime:0.000040s ]

