[ 2016-03-28T12:41:16+08:00 ] ::1 /zettaiOpe/admin.php
INFO: [ app_init ] --START--
INFO: Run Behavior\BuildLiteBehavior [ RunTime:0.000098s ]
INFO: [ app_init ] --END-- [ RunTime:0.000466s ]

[ 2016-03-28T12:41:16+08:00 ] ::1 /zettaiOpe/admin.php?s=Home/Home/logout
INFO: [ app_init ] --START--
INFO: Run Behavior\BuildLiteBehavior [ RunTime:0.000009s ]
INFO: [ app_init ] --END-- [ RunTime:0.000046s ]

[ 2016-03-28T12:41:16+08:00 ] ::1 /zettaiOpe/admin.php?s=Home/Home/login
INFO: [ app_init ] --START--
INFO: Run Behavior\BuildLiteBehavior [ RunTime:0.000010s ]
INFO: [ app_init ] --END-- [ RunTime:0.000044s ]

[ 2016-03-28T12:41:21+08:00 ] ::1 /zettaiOpe/admin.php?s=Home/Home/login
INFO: [ app_init ] --START--
INFO: Run Behavior\BuildLiteBehavior [ RunTime:0.000012s ]
INFO: [ app_init ] --END-- [ RunTime:0.000051s ]

[ 2016-03-28T12:41:21+08:00 ] ::1 /zettaiOpe/admin.php?s=Home/Index/index
INFO: [ app_init ] --START--
INFO: Run Behavior\BuildLiteBehavior [ RunTime:0.000008s ]
INFO: [ app_init ] --END-- [ RunTime:0.000045s ]

[ 2016-03-28T12:41:26+08:00 ] ::1 /zettaiOpe/admin.php?s=/Home/UserPartner
INFO: [ app_init ] --START--
INFO: Run Behavior\BuildLiteBehavior [ RunTime:0.000010s ]
INFO: [ app_init ] --END-- [ RunTime:0.000046s ]

[ 2016-03-28T12:41:30+08:00 ] ::1 /zettaiOpe/admin.php?s=/Home/UserPartner
INFO: [ app_init ] --START--
INFO: Run Behavior\BuildLiteBehavior [ RunTime:0.000031s ]
INFO: [ app_init ] --END-- [ RunTime:0.000155s ]

[ 2016-03-28T12:41:34+08:00 ] ::1 /zettaiOpe/admin.php?s=/Home/UserInfo
INFO: [ app_init ] --START--
INFO: Run Behavior\BuildLiteBehavior [ RunTime:0.000008s ]
INFO: [ app_init ] --END-- [ RunTime:0.000047s ]

[ 2016-03-28T12:44:19+08:00 ] ::1 /zettaiOpe/admin.php?s=%2FHome%2FUserInfo%2Findex&server_id=101&team_id=&channel_uid=12345678912345678&user_id=&nickname=
INFO: [ app_init ] --START--
INFO: Run Behavior\BuildLiteBehavior [ RunTime:0.000020s ]
INFO: [ app_init ] --END-- [ RunTime:0.000128s ]
ERR: 1064:You have an error in your SQL syntax; check the manual that corresponds to your MySQL server version for the right syntax to use near ')' at line 1
 [ SQL语句 ] : SELECT `tid`,`uid`,`nickname`,`level`,`exp`,`diamond_pay`,`diamond_free`,`gold`,`vality`,`vality_utime`,`guide_skip`,`ctime`,`last_login_time` FROM `g_team` WHERE `uid` IN () 
ERR: 1064:You have an error in your SQL syntax; check the manual that corresponds to your MySQL server version for the right syntax to use near ')' at line 1
 [ SQL语句 ] : SELECT `tid`,`uid`,`nickname`,`level`,`exp`,`diamond_pay`,`diamond_free`,`gold`,`vality`,`vality_utime`,`guide_skip`,`ctime`,`last_login_time` FROM `g_team` WHERE `uid` IN () 

[ 2016-03-28T12:44:54+08:00 ] ::1 /zettaiOpe/admin.php?s=%2FHome%2FUserInfo%2Findex&server_id=101&team_id=&channel_uid=12345678912345678&user_id=&nickname=
INFO: [ app_init ] --START--
INFO: Run Behavior\BuildLiteBehavior [ RunTime:0.000013s ]
INFO: [ app_init ] --END-- [ RunTime:0.000094s ]
ERR: 1064:You have an error in your SQL syntax; check the manual that corresponds to your MySQL server version for the right syntax to use near ')' at line 1
 [ SQL语句 ] : SELECT `tid`,`uid`,`nickname`,`level`,`exp`,`diamond_pay`,`diamond_free`,`gold`,`vality`,`vality_utime`,`guide_skip`,`ctime`,`last_login_time` FROM `g_team` WHERE `uid` IN () 
ERR: 1064:You have an error in your SQL syntax; check the manual that corresponds to your MySQL server version for the right syntax to use near ')' at line 1
 [ SQL语句 ] : SELECT `tid`,`uid`,`nickname`,`level`,`exp`,`diamond_pay`,`diamond_free`,`gold`,`vality`,`vality_utime`,`guide_skip`,`ctime`,`last_login_time` FROM `g_team` WHERE `uid` IN () 

[ 2016-03-28T12:45:51+08:00 ] ::1 /zettaiOpe/admin.php?s=%2FHome%2FUserInfo%2Findex&server_id=101&team_id=&channel_uid=user21312412&user_id=&nickname=
INFO: [ app_init ] --START--
INFO: Run Behavior\BuildLiteBehavior [ RunTime:0.000016s ]
INFO: [ app_init ] --END-- [ RunTime:0.000101s ]

[ 2016-03-28T12:46:32+08:00 ] ::1 /zettaiOpe/admin.php?s=%2FHome%2FUserInfo%2Findex&server_id=101&team_id=&channel_uid=user21312412&user_id=&nickname=
INFO: [ app_init ] --START--
INFO: Run Behavior\BuildLiteBehavior [ RunTime:0.000016s ]
INFO: [ app_init ] --END-- [ RunTime:0.000108s ]

[ 2016-03-28T12:46:59+08:00 ] ::1 /zettaiOpe/admin.php?s=%2FHome%2FUserInfo%2Findex&server_id=101&team_id=&channel_uid=oenR_woBi4wTnnjsmPpyXCsSkomU&user_id=&nickname=
INFO: [ app_init ] --START--
INFO: Run Behavior\BuildLiteBehavior [ RunTime:0.000009s ]
INFO: [ app_init ] --END-- [ RunTime:0.000042s ]

[ 2016-03-28T12:48:03+08:00 ] ::1 /zettaiOpe/admin.php?s=%2FHome%2FUserInfo%2Findex&server_id=101&team_id=&channel_uid=123456789123456789&user_id=&nickname=
INFO: [ app_init ] --START--
INFO: Run Behavior\BuildLiteBehavior [ RunTime:0.000011s ]
INFO: [ app_init ] --END-- [ RunTime:0.000054s ]

[ 2016-03-28T12:48:05+08:00 ] ::1 /zettaiOpe/admin.php?s=%2FHome%2FUserInfo%2Findex&server_id=101&team_id=&channel_uid=123456789123456789&user_id=&nickname=
INFO: [ app_init ] --START--
INFO: Run Behavior\BuildLiteBehavior [ RunTime:0.000009s ]
INFO: [ app_init ] --END-- [ RunTime:0.000043s ]

[ 2016-03-28T16:30:57+08:00 ] ::1 /zettaiOpe/admin.php?s=/Home/GMPayConsume
INFO: [ app_init ] --START--
INFO: Run Behavior\BuildLiteBehavior [ RunTime:0.000012s ]
INFO: [ app_init ] --END-- [ RunTime:0.000056s ]
ERR: SQLSTATE[HY000] [2002] Connection refused

[ 2016-03-28T16:30:57+08:00 ] ::1 /zettaiOpe/admin.php?s=/Home/GMPayConsume
INFO: [ app_init ] --START--
INFO: Run Behavior\BuildLiteBehavior [ RunTime:0.000008s ]
INFO: [ app_init ] --END-- [ RunTime:0.000078s ]
ERR: SQLSTATE[HY000] [2002] Connection refused

[ 2016-03-28T16:30:57+08:00 ] ::1 /zettaiOpe/admin.php?s=/Home/GMPayConsume
INFO: [ app_init ] --START--
INFO: Run Behavior\BuildLiteBehavior [ RunTime:0.000010s ]
INFO: [ app_init ] --END-- [ RunTime:0.000047s ]
ERR: SQLSTATE[HY000] [2002] Connection refused

[ 2016-03-28T16:31:11+08:00 ] ::1 /zettaiOpe/admin.php?s=/Home/GMPayConsume
INFO: [ app_init ] --START--
INFO: Run Behavior\BuildLiteBehavior [ RunTime:0.000027s ]
INFO: [ app_init ] --END-- [ RunTime:0.000083s ]

[ 2016-03-28T16:31:30+08:00 ] ::1 /zettaiOpe/admin.php?s=/Home/GMPayConsume/groupIndex&group=201011
INFO: [ app_init ] --START--
INFO: Run Behavior\BuildLiteBehavior [ RunTime:0.000008s ]
INFO: [ app_init ] --END-- [ RunTime:0.000039s ]

[ 2016-03-28T16:31:35+08:00 ] ::1 /zettaiOpe/admin.php?s=/Home/GMPayConsume/index
INFO: [ app_init ] --START--
INFO: Run Behavior\BuildLiteBehavior [ RunTime:0.000021s ]
INFO: [ app_init ] --END-- [ RunTime:0.000090s ]

[ 2016-03-28T16:32:57+08:00 ] ::1 /zettaiOpe/admin.php?s=/Home/GMPayConsume/groupIndex&group=201011
INFO: [ app_init ] --START--
INFO: Run Behavior\BuildLiteBehavior [ RunTime:0.000028s ]
INFO: [ app_init ] --END-- [ RunTime:0.000137s ]

[ 2016-03-28T16:32:59+08:00 ] ::1 /zettaiOpe/admin.php?s=/Home/GMPayConsume/index
INFO: [ app_init ] --START--
INFO: Run Behavior\BuildLiteBehavior [ RunTime:0.000029s ]
INFO: [ app_init ] --END-- [ RunTime:0.000138s ]

[ 2016-03-28T16:33:01+08:00 ] ::1 /zettaiOpe/admin.php?s=/Home/GMPayConsume/groupEdit&group=201011
INFO: [ app_init ] --START--
INFO: Run Behavior\BuildLiteBehavior [ RunTime:0.000007s ]
INFO: [ app_init ] --END-- [ RunTime:0.000037s ]

[ 2016-03-28T16:33:10+08:00 ] ::1 /zettaiOpe/admin.php?s=/Home/GMPayConsume
INFO: [ app_init ] --START--
INFO: Run Behavior\BuildLiteBehavior [ RunTime:0.000008s ]
INFO: [ app_init ] --END-- [ RunTime:0.000042s ]

[ 2016-03-28T16:33:15+08:00 ] ::1 /zettaiOpe/admin.php?s=/Home/SMChannel
INFO: [ app_init ] --START--
INFO: Run Behavior\BuildLiteBehavior [ RunTime:0.000010s ]
INFO: [ app_init ] --END-- [ RunTime:0.000044s ]

[ 2016-03-28T16:33:16+08:00 ] ::1 /zettaiOpe/admin.php?s=/Home/SMCache
INFO: [ app_init ] --START--
INFO: Run Behavior\BuildLiteBehavior [ RunTime:0.000008s ]
INFO: [ app_init ] --END-- [ RunTime:0.000042s ]

[ 2016-03-28T16:33:22+08:00 ] ::1 /zettaiOpe/admin.php?s=/Home/SMCache
INFO: [ app_init ] --START--
INFO: Run Behavior\BuildLiteBehavior [ RunTime:0.000021s ]
INFO: [ app_init ] --END-- [ RunTime:0.000096s ]
ERR: Operation timed out [tcp://172.31.12.221:6379]

[ 2016-03-28T16:33:29+08:00 ] ::1 /zettaiOpe/admin.php?s=/Home/SMCache
INFO: [ app_init ] --START--
INFO: Run Behavior\BuildLiteBehavior [ RunTime:0.000009s ]
INFO: [ app_init ] --END-- [ RunTime:0.000045s ]

[ 2016-03-28T16:33:33+08:00 ] ::1 /zettaiOpe/admin.php?s=/Home/GMPayConsume
INFO: [ app_init ] --START--
INFO: Run Behavior\BuildLiteBehavior [ RunTime:0.000008s ]
INFO: [ app_init ] --END-- [ RunTime:0.000043s ]

[ 2016-03-28T16:33:37+08:00 ] ::1 /zettaiOpe/admin.php?s=/Home/GMPayConsume/groupIndex&group=201011
INFO: [ app_init ] --START--
INFO: Run Behavior\BuildLiteBehavior [ RunTime:0.000014s ]
INFO: [ app_init ] --END-- [ RunTime:0.000070s ]

[ 2016-03-28T16:33:39+08:00 ] ::1 /zettaiOpe/admin.php?s=/Home/GMPayConsume/index
INFO: [ app_init ] --START--
INFO: Run Behavior\BuildLiteBehavior [ RunTime:0.000008s ]
INFO: [ app_init ] --END-- [ RunTime:0.000038s ]

[ 2016-03-28T16:33:41+08:00 ] ::1 /zettaiOpe/admin.php?s=/Home/GMPayConsume/groupEdit&group=201011
INFO: [ app_init ] --START--
INFO: Run Behavior\BuildLiteBehavior [ RunTime:0.000009s ]
INFO: [ app_init ] --END-- [ RunTime:0.000042s ]

[ 2016-03-28T16:33:57+08:00 ] ::1 /zettaiOpe/admin.php?s=/Home/GMPayConsume
INFO: [ app_init ] --START--
INFO: Run Behavior\BuildLiteBehavior [ RunTime:0.000015s ]
INFO: [ app_init ] --END-- [ RunTime:0.000077s ]

[ 2016-03-28T16:34:25+08:00 ] ::1 /zettaiOpe/admin.php?s=/Home/GMPayConsume/groupIndex&group=201011
INFO: [ app_init ] --START--
INFO: Run Behavior\BuildLiteBehavior [ RunTime:0.000033s ]
INFO: [ app_init ] --END-- [ RunTime:0.000162s ]

[ 2016-03-28T16:34:58+08:00 ] ::1 /zettaiOpe/admin.php?s=/Home/GMPayConsume/edit&group=201011&id=20101101
INFO: [ app_init ] --START--
INFO: Run Behavior\BuildLiteBehavior [ RunTime:0.000011s ]
INFO: [ app_init ] --END-- [ RunTime:0.000053s ]

[ 2016-03-28T16:35:04+08:00 ] ::1 /zettaiOpe/admin.php?s=/Home/GMPayConsume/groupIndex&group=201011
INFO: [ app_init ] --START--
INFO: Run Behavior\BuildLiteBehavior [ RunTime:0.000010s ]
INFO: [ app_init ] --END-- [ RunTime:0.000048s ]

[ 2016-03-28T16:35:08+08:00 ] ::1 /zettaiOpe/admin.php?s=/Home/GMPayConsume/index
INFO: [ app_init ] --START--
INFO: Run Behavior\BuildLiteBehavior [ RunTime:0.000013s ]
INFO: [ app_init ] --END-- [ RunTime:0.000077s ]

[ 2016-03-28T16:35:12+08:00 ] ::1 /zettaiOpe/admin.php?s=/Home/GMPayConsume/groupIndex&group=201011
INFO: [ app_init ] --START--
INFO: Run Behavior\BuildLiteBehavior [ RunTime:0.000015s ]
INFO: [ app_init ] --END-- [ RunTime:0.000085s ]

[ 2016-03-28T16:36:00+08:00 ] ::1 /zettaiOpe/admin.php?s=/Home/GMPayConsume/groupIndex&group=201011
INFO: [ app_init ] --START--
INFO: Run Behavior\BuildLiteBehavior [ RunTime:0.000011s ]
INFO: [ app_init ] --END-- [ RunTime:0.000061s ]

[ 2016-03-28T16:36:12+08:00 ] ::1 /zettaiOpe/admin.php?s=/Home/GMPayConsume/groupIndex&group=201011
INFO: [ app_init ] --START--
INFO: Run Behavior\BuildLiteBehavior [ RunTime:0.000009s ]
INFO: [ app_init ] --END-- [ RunTime:0.000044s ]

[ 2016-03-28T16:36:24+08:00 ] ::1 /zettaiOpe/admin.php?s=/Home/GMPayConsume/groupIndex&group=201011
INFO: [ app_init ] --START--
INFO: Run Behavior\BuildLiteBehavior [ RunTime:0.000009s ]
INFO: [ app_init ] --END-- [ RunTime:0.000048s ]

[ 2016-03-28T16:36:26+08:00 ] ::1 /zettaiOpe/admin.php?s=/Home/GMPayConsume/index
INFO: [ app_init ] --START--
INFO: Run Behavior\BuildLiteBehavior [ RunTime:0.000009s ]
INFO: [ app_init ] --END-- [ RunTime:0.000078s ]

[ 2016-03-28T16:36:35+08:00 ] ::1 /zettaiOpe/admin.php?s=/Home/GMPayConsume/groupIndex&group=201011
INFO: [ app_init ] --START--
INFO: Run Behavior\BuildLiteBehavior [ RunTime:0.000009s ]
INFO: [ app_init ] --END-- [ RunTime:0.000045s ]

[ 2016-03-28T16:36:43+08:00 ] ::1 /zettaiOpe/admin.php?s=/Home/GMPayConsume/index
INFO: [ app_init ] --START--
INFO: Run Behavior\BuildLiteBehavior [ RunTime:0.000029s ]
INFO: [ app_init ] --END-- [ RunTime:0.000141s ]

[ 2016-03-28T16:39:02+08:00 ] ::1 /zettaiOpe/admin.php?s=/Home/GMPayConsume/groupIndex&group=201011
INFO: [ app_init ] --START--
INFO: Run Behavior\BuildLiteBehavior [ RunTime:0.000040s ]
INFO: [ app_init ] --END-- [ RunTime:0.000223s ]

[ 2016-03-28T16:39:11+08:00 ] ::1 /zettaiOpe/admin.php?s=/Home/GMPayConsume/index
INFO: [ app_init ] --START--
INFO: Run Behavior\BuildLiteBehavior [ RunTime:0.000009s ]
INFO: [ app_init ] --END-- [ RunTime:0.000045s ]

[ 2016-03-28T16:42:31+08:00 ] ::1 /zettaiOpe/admin.php?s=/Home/GMPayConsume/groupIndex&group=201011
INFO: [ app_init ] --START--
INFO: Run Behavior\BuildLiteBehavior [ RunTime:0.000014s ]
INFO: [ app_init ] --END-- [ RunTime:0.000059s ]

[ 2016-03-28T16:42:35+08:00 ] ::1 /zettaiOpe/admin.php?s=/Home/GMPayConsume/edit&group=201011&id=20101101
INFO: [ app_init ] --START--
INFO: Run Behavior\BuildLiteBehavior [ RunTime:0.000009s ]
INFO: [ app_init ] --END-- [ RunTime:0.000044s ]

[ 2016-03-28T16:42:38+08:00 ] ::1 /zettaiOpe/admin.php?s=/Home/GMPayConsume/groupIndex&group=201011
INFO: [ app_init ] --START--
INFO: Run Behavior\BuildLiteBehavior [ RunTime:0.000008s ]
INFO: [ app_init ] --END-- [ RunTime:0.000042s ]

[ 2016-03-28T16:42:40+08:00 ] ::1 /zettaiOpe/admin.php?s=/Home/GMPayConsume/index
INFO: [ app_init ] --START--
INFO: Run Behavior\BuildLiteBehavior [ RunTime:0.000008s ]
INFO: [ app_init ] --END-- [ RunTime:0.000040s ]

[ 2016-03-28T16:43:33+08:00 ] ::1 /zettaiOpe/admin.php?s=/Home/GMPayConsume/index
INFO: [ app_init ] --START--
INFO: Run Behavior\BuildLiteBehavior [ RunTime:0.000015s ]
INFO: [ app_init ] --END-- [ RunTime:0.000071s ]

[ 2016-03-28T16:44:01+08:00 ] ::1 /zettaiOpe/admin.php?s=/Home/GMPayConsume/index
INFO: [ app_init ] --START--
INFO: Run Behavior\BuildLiteBehavior [ RunTime:0.000013s ]
INFO: [ app_init ] --END-- [ RunTime:0.000062s ]

[ 2016-03-28T16:44:08+08:00 ] ::1 /zettaiOpe/admin.php?s=/Home/GMPayConsume/groupCopy&group=201011
INFO: [ app_init ] --START--
INFO: Run Behavior\BuildLiteBehavior [ RunTime:0.000009s ]
INFO: [ app_init ] --END-- [ RunTime:0.000047s ]
ERR: 非法操作:groupCopy

[ 2016-03-28T17:27:25+08:00 ] ::1 /zettaiOpe/admin.php?s=/Home/GMPayConsume/index
INFO: [ app_init ] --START--
INFO: Run Behavior\BuildLiteBehavior [ RunTime:0.000012s ]
INFO: [ app_init ] --END-- [ RunTime:0.000057s ]

[ 2016-03-28T17:27:29+08:00 ] ::1 /zettaiOpe/admin.php?s=/Home/GMPayConsume/groupCopy&group=201011
INFO: [ app_init ] --START--
INFO: Run Behavior\BuildLiteBehavior [ RunTime:0.000008s ]
INFO: [ app_init ] --END-- [ RunTime:0.000042s ]

[ 2016-03-28T17:27:31+08:00 ] ::1 /zettaiOpe/admin.php?s=/Home/GMPayConsume/index
INFO: [ app_init ] --START--
INFO: Run Behavior\BuildLiteBehavior [ RunTime:0.000009s ]
INFO: [ app_init ] --END-- [ RunTime:0.000046s ]

[ 2016-03-28T17:27:48+08:00 ] ::1 /zettaiOpe/admin.php?s=/Home/GMPayConsume/index
INFO: [ app_init ] --START--
INFO: Run Behavior\BuildLiteBehavior [ RunTime:0.000008s ]
INFO: [ app_init ] --END-- [ RunTime:0.000041s ]

[ 2016-03-28T17:27:55+08:00 ] ::1 /zettaiOpe/admin.php?s=/Home/GMPayConsume/groupIndex&group=201011
INFO: [ app_init ] --START--
INFO: Run Behavior\BuildLiteBehavior [ RunTime:0.000007s ]
INFO: [ app_init ] --END-- [ RunTime:0.000039s ]

[ 2016-03-28T17:27:57+08:00 ] ::1 /zettaiOpe/admin.php?s=/Home/GMPayConsume/index
INFO: [ app_init ] --START--
INFO: Run Behavior\BuildLiteBehavior [ RunTime:0.000031s ]
INFO: [ app_init ] --END-- [ RunTime:0.000161s ]

[ 2016-03-28T17:29:10+08:00 ] ::1 /zettaiOpe/admin.php?s=/Home/GMPayConsume/groupCopy&group=201011
INFO: [ app_init ] --START--
INFO: Run Behavior\BuildLiteBehavior [ RunTime:0.000018s ]
INFO: [ app_init ] --END-- [ RunTime:0.000077s ]

[ 2016-03-28T17:29:12+08:00 ] ::1 /zettaiOpe/admin.php?s=/Home/GMPayConsume/index
INFO: [ app_init ] --START--
INFO: Run Behavior\BuildLiteBehavior [ RunTime:0.000032s ]
INFO: [ app_init ] --END-- [ RunTime:0.000154s ]

[ 2016-03-28T17:29:30+08:00 ] ::1 /zettaiOpe/admin.php?s=/Home/GMPayConsume/groupCopy&group=201011
INFO: [ app_init ] --START--
INFO: Run Behavior\BuildLiteBehavior [ RunTime:0.000009s ]
INFO: [ app_init ] --END-- [ RunTime:0.000043s ]

[ 2016-03-28T17:29:32+08:00 ] ::1 /zettaiOpe/admin.php?s=/Home/GMPayConsume/index
INFO: [ app_init ] --START--
INFO: Run Behavior\BuildLiteBehavior [ RunTime:0.000008s ]
INFO: [ app_init ] --END-- [ RunTime:0.000040s ]

[ 2016-03-28T17:30:05+08:00 ] ::1 /zettaiOpe/admin.php?s=/Home/GMPayConsume/groupCopy&group=201011
INFO: [ app_init ] --START--
INFO: Run Behavior\BuildLiteBehavior [ RunTime:0.000009s ]
INFO: [ app_init ] --END-- [ RunTime:0.000042s ]

[ 2016-03-28T17:30:06+08:00 ] ::1 /zettaiOpe/admin.php?s=/Home/GMPayConsume/index
INFO: [ app_init ] --START--
INFO: Run Behavior\BuildLiteBehavior [ RunTime:0.000010s ]
INFO: [ app_init ] --END-- [ RunTime:0.000050s ]

[ 2016-03-28T17:30:11+08:00 ] ::1 /zettaiOpe/admin.php?s=/Home/GMPayConsume/groupIndex&group=201011
INFO: [ app_init ] --START--
INFO: Run Behavior\BuildLiteBehavior [ RunTime:0.000009s ]
INFO: [ app_init ] --END-- [ RunTime:0.000048s ]

[ 2016-03-28T17:30:15+08:00 ] ::1 /zettaiOpe/admin.php?s=/Home/GMPayConsume/index
INFO: [ app_init ] --START--
INFO: Run Behavior\BuildLiteBehavior [ RunTime:0.000008s ]
INFO: [ app_init ] --END-- [ RunTime:0.000042s ]

[ 2016-03-28T17:30:19+08:00 ] ::1 /zettaiOpe/admin.php?s=/Home/GMPayConsume/groupIndex&group=201012
INFO: [ app_init ] --START--
INFO: Run Behavior\BuildLiteBehavior [ RunTime:0.000008s ]
INFO: [ app_init ] --END-- [ RunTime:0.000042s ]

[ 2016-03-28T17:30:22+08:00 ] ::1 /zettaiOpe/admin.php?s=/Home/GMPayConsume/index
INFO: [ app_init ] --START--
INFO: Run Behavior\BuildLiteBehavior [ RunTime:0.000038s ]
INFO: [ app_init ] --END-- [ RunTime:0.000168s ]

[ 2016-03-28T17:30:55+08:00 ] ::1 /zettaiOpe/admin.php?s=/Home/GMPayConsume/index
INFO: [ app_init ] --START--
INFO: Run Behavior\BuildLiteBehavior [ RunTime:0.000009s ]
INFO: [ app_init ] --END-- [ RunTime:0.000041s ]

[ 2016-03-28T17:30:58+08:00 ] ::1 /zettaiOpe/admin.php?s=/Home/GMPayConsume/groupIndex&group=201012
INFO: [ app_init ] --START--
INFO: Run Behavior\BuildLiteBehavior [ RunTime:0.000010s ]
INFO: [ app_init ] --END-- [ RunTime:0.000042s ]

[ 2016-03-28T17:31:00+08:00 ] ::1 /zettaiOpe/admin.php?s=/Home/GMPayConsume/index
INFO: [ app_init ] --START--
INFO: Run Behavior\BuildLiteBehavior [ RunTime:0.000007s ]
INFO: [ app_init ] --END-- [ RunTime:0.000037s ]

[ 2016-03-28T17:31:03+08:00 ] ::1 /zettaiOpe/admin.php?s=/Home/GMPayConsume/groupIndex&group=201012
INFO: [ app_init ] --START--
INFO: Run Behavior\BuildLiteBehavior [ RunTime:0.000011s ]
INFO: [ app_init ] --END-- [ RunTime:0.000056s ]

[ 2016-03-28T17:31:05+08:00 ] ::1 /zettaiOpe/admin.php?s=/Home/GMPayConsume/index
INFO: [ app_init ] --START--
INFO: Run Behavior\BuildLiteBehavior [ RunTime:0.000008s ]
INFO: [ app_init ] --END-- [ RunTime:0.000039s ]

[ 2016-03-28T17:31:07+08:00 ] ::1 /zettaiOpe/admin.php?s=/Home/GMPayConsume/groupEdit&group=201012
INFO: [ app_init ] --START--
INFO: Run Behavior\BuildLiteBehavior [ RunTime:0.000008s ]
INFO: [ app_init ] --END-- [ RunTime:0.000043s ]

[ 2016-03-28T17:31:15+08:00 ] ::1 /zettaiOpe/admin.php?s=/Home/GMPayConsume
INFO: [ app_init ] --START--
INFO: Run Behavior\BuildLiteBehavior [ RunTime:0.000008s ]
INFO: [ app_init ] --END-- [ RunTime:0.000040s ]

[ 2016-03-28T17:31:53+08:00 ] ::1 /zettaiOpe/admin.php?s=/Home/GMPayConsume/groupIndex&group=201012
INFO: [ app_init ] --START--
INFO: Run Behavior\BuildLiteBehavior [ RunTime:0.000009s ]
INFO: [ app_init ] --END-- [ RunTime:0.000052s ]

[ 2016-03-28T17:31:56+08:00 ] ::1 /zettaiOpe/admin.php?s=/Home/GMPayConsume/index
INFO: [ app_init ] --START--
INFO: Run Behavior\BuildLiteBehavior [ RunTime:0.000010s ]
INFO: [ app_init ] --END-- [ RunTime:0.000041s ]

[ 2016-03-28T17:38:05+08:00 ] ::1 /zettaiOpe/admin.php?s=/Home/GMPayConsume/index
INFO: [ app_init ] --START--
INFO: Run Behavior\BuildLiteBehavior [ RunTime:0.000010s ]
INFO: [ app_init ] --END-- [ RunTime:0.000049s ]

[ 2016-03-28T17:38:14+08:00 ] ::1 /zettaiOpe/admin.php?s=/Home/GMPayConsume/index
INFO: [ app_init ] --START--
INFO: Run Behavior\BuildLiteBehavior [ RunTime:0.000008s ]
INFO: [ app_init ] --END-- [ RunTime:0.000039s ]

[ 2016-03-28T17:38:38+08:00 ] ::1 /zettaiOpe/admin.php?s=/Home/GMPayConsume/groupIndex&group=201012
INFO: [ app_init ] --START--
INFO: Run Behavior\BuildLiteBehavior [ RunTime:0.000009s ]
INFO: [ app_init ] --END-- [ RunTime:0.000054s ]

[ 2016-03-28T17:38:40+08:00 ] ::1 /zettaiOpe/admin.php?s=/Home/GMPayConsume/index
INFO: [ app_init ] --START--
INFO: Run Behavior\BuildLiteBehavior [ RunTime:0.000037s ]
INFO: [ app_init ] --END-- [ RunTime:0.000194s ]

[ 2016-03-28T17:38:44+08:00 ] ::1 /zettaiOpe/admin.php?s=/Home/GMPayConsume/groupIndex&group=201012
INFO: [ app_init ] --START--
INFO: Run Behavior\BuildLiteBehavior [ RunTime:0.000015s ]
INFO: [ app_init ] --END-- [ RunTime:0.000079s ]

[ 2016-03-28T17:38:47+08:00 ] ::1 /zettaiOpe/admin.php?s=/Home/GMPayConsume/index
INFO: [ app_init ] --START--
INFO: Run Behavior\BuildLiteBehavior [ RunTime:0.000010s ]
INFO: [ app_init ] --END-- [ RunTime:0.000047s ]

[ 2016-03-28T17:38:50+08:00 ] ::1 /zettaiOpe/admin.php?s=/Home/GMPayConsume/groupEdit&group=201012
INFO: [ app_init ] --START--
INFO: Run Behavior\BuildLiteBehavior [ RunTime:0.000009s ]
INFO: [ app_init ] --END-- [ RunTime:0.000042s ]

[ 2016-03-28T17:38:58+08:00 ] ::1 /zettaiOpe/admin.php?s=/Home/GMPayConsume
INFO: [ app_init ] --START--
INFO: Run Behavior\BuildLiteBehavior [ RunTime:0.000009s ]
INFO: [ app_init ] --END-- [ RunTime:0.000042s ]

[ 2016-03-28T17:39:09+08:00 ] ::1 /zettaiOpe/admin.php?s=/Home/GMPayConsume/groupEdit&group=201012
INFO: [ app_init ] --START--
INFO: Run Behavior\BuildLiteBehavior [ RunTime:0.000008s ]
INFO: [ app_init ] --END-- [ RunTime:0.000041s ]

[ 2016-03-28T17:41:01+08:00 ] ::1 /zettaiOpe/admin.php?s=/Home/GMPayConsume
INFO: [ app_init ] --START--
INFO: Run Behavior\BuildLiteBehavior [ RunTime:0.000012s ]
INFO: [ app_init ] --END-- [ RunTime:0.000060s ]

[ 2016-03-28T17:41:04+08:00 ] ::1 /zettaiOpe/admin.php?s=/Home/GMPayConsume
INFO: [ app_init ] --START--
INFO: Run Behavior\BuildLiteBehavior [ RunTime:0.000014s ]
INFO: [ app_init ] --END-- [ RunTime:0.000072s ]

[ 2016-03-28T17:41:10+08:00 ] ::1 /zettaiOpe/admin.php?s=/Home/GMPayConsume/groupCopy&group=201012
INFO: [ app_init ] --START--
INFO: Run Behavior\BuildLiteBehavior [ RunTime:0.000007s ]
INFO: [ app_init ] --END-- [ RunTime:0.000048s ]

[ 2016-03-28T17:41:11+08:00 ] ::1 /zettaiOpe/admin.php?s=/Home/GMPayConsume/index
INFO: [ app_init ] --START--
INFO: Run Behavior\BuildLiteBehavior [ RunTime:0.000023s ]
INFO: [ app_init ] --END-- [ RunTime:0.000168s ]

[ 2016-03-28T17:41:44+08:00 ] ::1 /zettaiOpe/admin.php?s=/Home/GMPayConsume/index
INFO: [ app_init ] --START--
INFO: Run Behavior\BuildLiteBehavior [ RunTime:0.000010s ]
INFO: [ app_init ] --END-- [ RunTime:0.000047s ]

[ 2016-03-28T17:41:50+08:00 ] ::1 /zettaiOpe/admin.php?s=/Home/GMPayConsume/groupCopy&group=201012
INFO: [ app_init ] --START--
INFO: Run Behavior\BuildLiteBehavior [ RunTime:0.000009s ]
INFO: [ app_init ] --END-- [ RunTime:0.000043s ]

[ 2016-03-28T17:41:51+08:00 ] ::1 /zettaiOpe/admin.php?s=/Home/GMPayConsume/index
INFO: [ app_init ] --START--
INFO: Run Behavior\BuildLiteBehavior [ RunTime:0.000009s ]
INFO: [ app_init ] --END-- [ RunTime:0.000041s ]

[ 2016-03-28T17:42:06+08:00 ] ::1 /zettaiOpe/admin.php?s=/Home/GMPayConsume/groupEdit&group=201014
INFO: [ app_init ] --START--
INFO: Run Behavior\BuildLiteBehavior [ RunTime:0.000012s ]
INFO: [ app_init ] --END-- [ RunTime:0.000049s ]

[ 2016-03-28T17:42:15+08:00 ] ::1 /zettaiOpe/admin.php?s=/Home/GMPayConsume
INFO: [ app_init ] --START--
INFO: Run Behavior\BuildLiteBehavior [ RunTime:0.000010s ]
INFO: [ app_init ] --END-- [ RunTime:0.000045s ]

[ 2016-03-28T17:42:34+08:00 ] ::1 /zettaiOpe/admin.php?s=/Home/GMPayConsume/groupDelete&group=201013
INFO: [ app_init ] --START--
INFO: Run Behavior\BuildLiteBehavior [ RunTime:0.000008s ]
INFO: [ app_init ] --END-- [ RunTime:0.000045s ]

[ 2016-03-28T17:42:36+08:00 ] ::1 /zettaiOpe/admin.php?s=/Home/GMPayConsume/index
INFO: [ app_init ] --START--
INFO: Run Behavior\BuildLiteBehavior [ RunTime:0.000009s ]
INFO: [ app_init ] --END-- [ RunTime:0.000045s ]

[ 2016-03-28T17:42:39+08:00 ] ::1 /zettaiOpe/admin.php?s=/Home/GMPayConsume/groupDelete&group=201014
INFO: [ app_init ] --START--
INFO: Run Behavior\BuildLiteBehavior [ RunTime:0.000008s ]
INFO: [ app_init ] --END-- [ RunTime:0.000040s ]

[ 2016-03-28T17:42:40+08:00 ] ::1 /zettaiOpe/admin.php?s=/Home/GMPayConsume/index
INFO: [ app_init ] --START--
INFO: Run Behavior\BuildLiteBehavior [ RunTime:0.000028s ]
INFO: [ app_init ] --END-- [ RunTime:0.000136s ]

[ 2016-03-28T17:42:45+08:00 ] ::1 /zettaiOpe/admin.php?s=/Home/GMPayConsume/groupCopy&group=201012
INFO: [ app_init ] --START--
INFO: Run Behavior\BuildLiteBehavior [ RunTime:0.000009s ]
INFO: [ app_init ] --END-- [ RunTime:0.000045s ]

[ 2016-03-28T17:42:46+08:00 ] ::1 /zettaiOpe/admin.php?s=/Home/GMPayConsume/index
INFO: [ app_init ] --START--
INFO: Run Behavior\BuildLiteBehavior [ RunTime:0.000011s ]
INFO: [ app_init ] --END-- [ RunTime:0.000065s ]

[ 2016-03-28T18:11:10+08:00 ] ::1 /zettaiOpe/admin.php?s=/Home/SMServer
INFO: [ app_init ] --START--
INFO: Run Behavior\BuildLiteBehavior [ RunTime:0.000011s ]
INFO: [ app_init ] --END-- [ RunTime:0.000056s ]

[ 2016-03-28T18:11:16+08:00 ] ::1 /zettaiOpe/admin.php?s=/Home/Admin
INFO: [ app_init ] --START--
INFO: Run Behavior\BuildLiteBehavior [ RunTime:0.000010s ]
INFO: [ app_init ] --END-- [ RunTime:0.000041s ]

[ 2016-03-28T18:11:18+08:00 ] ::1 /zettaiOpe/admin.php?s=/Home/Admin/permission&id=1&p=1
INFO: [ app_init ] --START--
INFO: Run Behavior\BuildLiteBehavior [ RunTime:0.000009s ]
INFO: [ app_init ] --END-- [ RunTime:0.000043s ]

[ 2016-03-28T18:13:06+08:00 ] ::1 /zettaiOpe/admin.php?s=/Home/Admin/permission&id=1&p=1
INFO: [ app_init ] --START--
INFO: Run Behavior\BuildLiteBehavior [ RunTime:0.000022s ]
INFO: [ app_init ] --END-- [ RunTime:0.000111s ]

[ 2016-03-28T18:19:33+08:00 ] ::1 /zettaiOpe/admin.php?s=/Home/Admin/permission&id=1&p=1
INFO: [ app_init ] --START--
INFO: Run Behavior\BuildLiteBehavior [ RunTime:0.000034s ]
INFO: [ app_init ] --END-- [ RunTime:0.000173s ]

