[ 2016-03-29T11:10:33+08:00 ] ::1 /zettaiOpe/admin.php
INFO: [ app_init ] --START--
INFO: Run Behavior\BuildLiteBehavior [ RunTime:0.000022s ]
INFO: [ app_init ] --END-- [ RunTime:0.000364s ]

[ 2016-03-29T11:10:33+08:00 ] ::1 /zettaiOpe/admin.php?s=Home/Home/logout
INFO: [ app_init ] --START--
INFO: Run Behavior\BuildLiteBehavior [ RunTime:0.000008s ]
INFO: [ app_init ] --END-- [ RunTime:0.000040s ]

[ 2016-03-29T11:10:33+08:00 ] ::1 /zettaiOpe/admin.php?s=Home/Home/login
INFO: [ app_init ] --START--
INFO: Run Behavior\BuildLiteBehavior [ RunTime:0.000031s ]
INFO: [ app_init ] --END-- [ RunTime:0.000207s ]

[ 2016-03-29T11:10:56+08:00 ] ::1 /zettaiOpe/admin.php?s=Home/Home/login
INFO: [ app_init ] --START--
INFO: Run Behavior\BuildLiteBehavior [ RunTime:0.000011s ]
INFO: [ app_init ] --END-- [ RunTime:0.000089s ]

[ 2016-03-29T11:10:57+08:00 ] ::1 /zettaiOpe/admin.php?s=Home/Index/index
INFO: [ app_init ] --START--
INFO: Run Behavior\BuildLiteBehavior [ RunTime:0.000011s ]
INFO: [ app_init ] --END-- [ RunTime:0.000085s ]

[ 2016-03-29T11:10:57+08:00 ] ::1 /zettaiOpe/admin.php?s=Home/Home/login
INFO: [ app_init ] --START--
INFO: Run Behavior\BuildLiteBehavior [ RunTime:0.000012s ]
INFO: [ app_init ] --END-- [ RunTime:0.000092s ]

[ 2016-03-29T11:10:57+08:00 ] ::1 /zettaiOpe/admin.php?s=Home/Index/index
INFO: [ app_init ] --START--
INFO: Run Behavior\BuildLiteBehavior [ RunTime:0.000010s ]
INFO: [ app_init ] --END-- [ RunTime:0.000082s ]

[ 2016-03-29T11:11:00+08:00 ] ::1 /zettaiOpe/admin.php?s=/Home/SMServer
INFO: [ app_init ] --START--
INFO: Run Behavior\BuildLiteBehavior [ RunTime:0.000010s ]
INFO: [ app_init ] --END-- [ RunTime:0.000046s ]

[ 2016-03-29T11:11:08+08:00 ] ::1 /zettaiOpe/admin.php?s=/Home/GMArenaRank
INFO: [ app_init ] --START--
INFO: Run Behavior\BuildLiteBehavior [ RunTime:0.000027s ]
INFO: [ app_init ] --END-- [ RunTime:0.000169s ]

[ 2016-03-29T11:11:13+08:00 ] ::1 /zettaiOpe/admin.php?s=/Home/GMVip
INFO: [ app_init ] --START--
INFO: Run Behavior\BuildLiteBehavior [ RunTime:0.000010s ]
INFO: [ app_init ] --END-- [ RunTime:0.000049s ]

[ 2016-03-29T11:11:14+08:00 ] ::1 /zettaiOpe/admin.php?s=/Home/GMNotice
INFO: [ app_init ] --START--
INFO: Run Behavior\BuildLiteBehavior [ RunTime:0.000008s ]
INFO: [ app_init ] --END-- [ RunTime:0.000038s ]

[ 2016-03-29T11:11:16+08:00 ] ::1 /zettaiOpe/admin.php?s=/Home/GMNotice/add&p=1
INFO: [ app_init ] --START--
INFO: Run Behavior\BuildLiteBehavior [ RunTime:0.000007s ]
INFO: [ app_init ] --END-- [ RunTime:0.000038s ]

[ 2016-03-29T11:13:18+08:00 ] ::1 /zettaiOpe/admin.php?s=/Home/GMNotice&p=1
INFO: [ app_init ] --START--
INFO: Run Behavior\BuildLiteBehavior [ RunTime:0.000009s ]
INFO: [ app_init ] --END-- [ RunTime:0.000040s ]

[ 2016-03-29T11:13:19+08:00 ] ::1 /zettaiOpe/admin.php?s=/Home/GMNotice&p=1
INFO: [ app_init ] --START--
INFO: Run Behavior\BuildLiteBehavior [ RunTime:0.000013s ]
INFO: [ app_init ] --END-- [ RunTime:0.000066s ]

[ 2016-03-29T11:13:44+08:00 ] ::1 /zettaiOpe/admin.php?s=/Home/GMNotice&p=1
INFO: [ app_init ] --START--
INFO: Run Behavior\BuildLiteBehavior [ RunTime:0.000011s ]
INFO: [ app_init ] --END-- [ RunTime:0.000087s ]

[ 2016-03-29T11:14:06+08:00 ] ::1 /zettaiOpe/admin.php?s=/Home/GMNotice&p=1
INFO: [ app_init ] --START--
INFO: Run Behavior\BuildLiteBehavior [ RunTime:0.000018s ]
INFO: [ app_init ] --END-- [ RunTime:0.000223s ]

[ 2016-03-29T11:14:14+08:00 ] ::1 /zettaiOpe/admin.php?s=/Home/GMNotice&p=1
INFO: [ app_init ] --START--
INFO: Run Behavior\BuildLiteBehavior [ RunTime:0.000009s ]
INFO: [ app_init ] --END-- [ RunTime:0.000047s ]

[ 2016-03-29T11:15:28+08:00 ] ::1 /zettaiOpe/admin.php?s=/Home/GMNotice/add&p=1
INFO: [ app_init ] --START--
INFO: Run Behavior\BuildLiteBehavior [ RunTime:0.000020s ]
INFO: [ app_init ] --END-- [ RunTime:0.000073s ]

[ 2016-03-29T11:15:58+08:00 ] ::1 /zettaiOpe/admin.php?s=/Home/GMNotice/add&p=1
INFO: [ app_init ] --START--
INFO: Run Behavior\BuildLiteBehavior [ RunTime:0.000008s ]
INFO: [ app_init ] --END-- [ RunTime:0.000045s ]

[ 2016-03-29T11:16:25+08:00 ] ::1 /zettaiOpe/admin.php?s=/Home/GMNotice/add&p=1
INFO: [ app_init ] --START--
INFO: Run Behavior\BuildLiteBehavior [ RunTime:0.000009s ]
INFO: [ app_init ] --END-- [ RunTime:0.000041s ]

[ 2016-03-29T11:17:14+08:00 ] ::1 /zettaiOpe/admin.php?s=/Home/GMNotice&p=1
INFO: [ app_init ] --START--
INFO: Run Behavior\BuildLiteBehavior [ RunTime:0.000009s ]
INFO: [ app_init ] --END-- [ RunTime:0.000045s ]

[ 2016-03-29T11:17:16+08:00 ] ::1 /zettaiOpe/admin.php?s=/Home/GMNotice/add&p=1
INFO: [ app_init ] --START--
INFO: Run Behavior\BuildLiteBehavior [ RunTime:0.000022s ]
INFO: [ app_init ] --END-- [ RunTime:0.000115s ]

[ 2016-03-29T11:17:21+08:00 ] ::1 /zettaiOpe/admin.php?s=/Home/GMNotice&p=1
INFO: [ app_init ] --START--
INFO: Run Behavior\BuildLiteBehavior [ RunTime:0.000010s ]
INFO: [ app_init ] --END-- [ RunTime:0.000047s ]

[ 2016-03-29T11:17:26+08:00 ] ::1 /zettaiOpe/admin.php?s=/Home/GMNotice/edit&p=1&id=13
INFO: [ app_init ] --START--
INFO: Run Behavior\BuildLiteBehavior [ RunTime:0.000010s ]
INFO: [ app_init ] --END-- [ RunTime:0.000047s ]

[ 2016-03-29T11:18:44+08:00 ] ::1 /zettaiOpe/admin.php?s=/Home/GMNotice/edit&p=1&id=13
INFO: [ app_init ] --START--
INFO: Run Behavior\BuildLiteBehavior [ RunTime:0.000009s ]
INFO: [ app_init ] --END-- [ RunTime:0.000044s ]

[ 2016-03-29T11:19:00+08:00 ] ::1 /zettaiOpe/admin.php?s=/Home/GMNotice/edit&p=1&id=13
INFO: [ app_init ] --START--
INFO: Run Behavior\BuildLiteBehavior [ RunTime:0.000019s ]
INFO: [ app_init ] --END-- [ RunTime:0.000081s ]

[ 2016-03-29T11:19:02+08:00 ] ::1 /zettaiOpe/admin.php?s=/Home/GMNotice/edit&p=1&id=13
INFO: [ app_init ] --START--
INFO: Run Behavior\BuildLiteBehavior [ RunTime:0.000010s ]
INFO: [ app_init ] --END-- [ RunTime:0.000044s ]

[ 2016-03-29T11:19:10+08:00 ] ::1 /zettaiOpe/admin.php?s=/Home/GMNotice/edit&p=1&id=13
INFO: [ app_init ] --START--
INFO: Run Behavior\BuildLiteBehavior [ RunTime:0.000008s ]
INFO: [ app_init ] --END-- [ RunTime:0.000043s ]

[ 2016-03-29T11:19:13+08:00 ] ::1 /zettaiOpe/admin.php?s=/Home/GMNotice/edit&p=1&id=13
INFO: [ app_init ] --START--
INFO: Run Behavior\BuildLiteBehavior [ RunTime:0.000009s ]
INFO: [ app_init ] --END-- [ RunTime:0.000044s ]

[ 2016-03-29T11:19:16+08:00 ] ::1 /zettaiOpe/admin.php?s=/Home/GMNotice&p=1
INFO: [ app_init ] --START--
INFO: Run Behavior\BuildLiteBehavior [ RunTime:0.000013s ]
INFO: [ app_init ] --END-- [ RunTime:0.000067s ]

[ 2016-03-29T11:19:20+08:00 ] ::1 /zettaiOpe/admin.php?s=/Home/GMNotice/edit&p=1&id=13
INFO: [ app_init ] --START--
INFO: Run Behavior\BuildLiteBehavior [ RunTime:0.000010s ]
INFO: [ app_init ] --END-- [ RunTime:0.000046s ]

[ 2016-03-29T11:19:22+08:00 ] ::1 /zettaiOpe/admin.php?s=/Home/GMNotice/edit&p=1&id=13
INFO: [ app_init ] --START--
INFO: Run Behavior\BuildLiteBehavior [ RunTime:0.000008s ]
INFO: [ app_init ] --END-- [ RunTime:0.000038s ]

[ 2016-03-29T11:19:30+08:00 ] ::1 /zettaiOpe/admin.php?s=/Home/GMNotice/edit&p=1&id=13
INFO: [ app_init ] --START--
INFO: Run Behavior\BuildLiteBehavior [ RunTime:0.000008s ]
INFO: [ app_init ] --END-- [ RunTime:0.000043s ]

[ 2016-03-29T11:19:44+08:00 ] ::1 /zettaiOpe/admin.php?s=/Home/GMNotice/edit&p=1&id=13
INFO: [ app_init ] --START--
INFO: Run Behavior\BuildLiteBehavior [ RunTime:0.000009s ]
INFO: [ app_init ] --END-- [ RunTime:0.000041s ]

[ 2016-03-29T11:19:56+08:00 ] ::1 /zettaiOpe/admin.php?s=/Home/GMNotice/edit&p=1&id=13
INFO: [ app_init ] --START--
INFO: Run Behavior\BuildLiteBehavior [ RunTime:0.000008s ]
INFO: [ app_init ] --END-- [ RunTime:0.000039s ]

[ 2016-03-29T11:21:05+08:00 ] ::1 /zettaiOpe/admin.php?s=/Home/GMNotice/edit&p=1&id=13
INFO: [ app_init ] --START--
INFO: Run Behavior\BuildLiteBehavior [ RunTime:0.000009s ]
INFO: [ app_init ] --END-- [ RunTime:0.000041s ]

[ 2016-03-29T11:21:26+08:00 ] ::1 /zettaiOpe/admin.php?s=/Home/GMNotice/edit&p=1&id=13
INFO: [ app_init ] --START--
INFO: Run Behavior\BuildLiteBehavior [ RunTime:0.000010s ]
INFO: [ app_init ] --END-- [ RunTime:0.000050s ]

[ 2016-03-29T11:21:36+08:00 ] ::1 /zettaiOpe/admin.php?s=/Home/GMNotice/edit&p=1&id=13
INFO: [ app_init ] --START--
INFO: Run Behavior\BuildLiteBehavior [ RunTime:0.000010s ]
INFO: [ app_init ] --END-- [ RunTime:0.000048s ]

[ 2016-03-29T12:47:16+08:00 ] ::1 /zettaiOpe/admin.php
INFO: [ app_init ] --START--
INFO: Run Behavior\BuildLiteBehavior [ RunTime:0.000011s ]
INFO: [ app_init ] --END-- [ RunTime:0.000056s ]

[ 2016-03-29T12:47:42+08:00 ] ::1 /zettaiOpe/admin.php?s=/Home/GMPush
INFO: [ app_init ] --START--
INFO: Run Behavior\BuildLiteBehavior [ RunTime:0.000012s ]
INFO: [ app_init ] --END-- [ RunTime:0.000058s ]

[ 2016-03-29T12:47:44+08:00 ] ::1 /zettaiOpe/admin.php?s=/Home/GMPush/send&p=1
INFO: [ app_init ] --START--
INFO: Run Behavior\BuildLiteBehavior [ RunTime:0.000009s ]
INFO: [ app_init ] --END-- [ RunTime:0.000046s ]

[ 2016-03-29T12:49:10+08:00 ] ::1 /zettaiOpe/admin.php?s=/Home/GMPush/send&p=1
INFO: [ app_init ] --START--
INFO: Run Behavior\BuildLiteBehavior [ RunTime:0.000032s ]
INFO: [ app_init ] --END-- [ RunTime:0.000313s ]

[ 2016-03-29T12:49:40+08:00 ] ::1 /zettaiOpe/admin.php?s=
INFO: [ app_init ] --START--
INFO: Run Behavior\BuildLiteBehavior [ RunTime:0.000019s ]
INFO: [ app_init ] --END-- [ RunTime:0.000115s ]

[ 2016-03-29T12:59:01+08:00 ] ::1 /zettaiOpe/admin.php?s=/Home/GMPush/send&p=1
INFO: [ app_init ] --START--
INFO: Run Behavior\BuildLiteBehavior [ RunTime:0.000015s ]
INFO: [ app_init ] --END-- [ RunTime:0.000067s ]

[ 2016-03-29T12:59:14+08:00 ] ::1 /zettaiOpe/admin.php?s=/Home/GMPush/send&p=1
INFO: [ app_init ] --START--
INFO: Run Behavior\BuildLiteBehavior [ RunTime:0.000016s ]
INFO: [ app_init ] --END-- [ RunTime:0.000106s ]

[ 2016-03-29T12:59:21+08:00 ] ::1 /zettaiOpe/admin.php?s=/Home/GMPush/send&p=1
INFO: [ app_init ] --START--
INFO: Run Behavior\BuildLiteBehavior [ RunTime:0.000010s ]
INFO: [ app_init ] --END-- [ RunTime:0.000049s ]

[ 2016-03-29T13:00:28+08:00 ] ::1 /zettaiOpe/admin.php?s=/Home/GMPush/send&p=1
INFO: [ app_init ] --START--
INFO: Run Behavior\BuildLiteBehavior [ RunTime:0.000013s ]
INFO: [ app_init ] --END-- [ RunTime:0.000080s ]

[ 2016-03-29T13:01:28+08:00 ] ::1 /zettaiOpe/admin.php?s=/Home/GMPush/send&p=1
INFO: [ app_init ] --START--
INFO: Run Behavior\BuildLiteBehavior [ RunTime:0.000014s ]
INFO: [ app_init ] --END-- [ RunTime:0.000075s ]

[ 2016-03-29T13:03:54+08:00 ] ::1 /zettaiOpe/admin.php?s=/Home/GMPush/send&p=1
INFO: [ app_init ] --START--
INFO: Run Behavior\BuildLiteBehavior [ RunTime:0.000014s ]
INFO: [ app_init ] --END-- [ RunTime:0.000069s ]

[ 2016-03-29T13:04:53+08:00 ] ::1 /zettaiOpe/admin.php?s=/Home/GMPush/send&p=1
INFO: [ app_init ] --START--
INFO: Run Behavior\BuildLiteBehavior [ RunTime:0.000013s ]
INFO: [ app_init ] --END-- [ RunTime:0.000088s ]

[ 2016-03-29T13:04:55+08:00 ] ::1 /zettaiOpe/admin.php?s=/Home/GMPush/send&p=1
INFO: [ app_init ] --START--
INFO: Run Behavior\BuildLiteBehavior [ RunTime:0.000010s ]
INFO: [ app_init ] --END-- [ RunTime:0.000053s ]

[ 2016-03-29T13:05:15+08:00 ] ::1 /zettaiOpe/admin.php?s=/Home/GMPush/send&p=1
INFO: [ app_init ] --START--
INFO: Run Behavior\BuildLiteBehavior [ RunTime:0.000014s ]
INFO: [ app_init ] --END-- [ RunTime:0.000071s ]

[ 2016-03-29T13:05:45+08:00 ] ::1 /zettaiOpe/admin.php?s=/Home/GMPush/send&p=1
INFO: [ app_init ] --START--
INFO: Run Behavior\BuildLiteBehavior [ RunTime:0.000016s ]
INFO: [ app_init ] --END-- [ RunTime:0.000085s ]

[ 2016-03-29T13:06:11+08:00 ] ::1 /zettaiOpe/admin.php?s=/Home/GMPush/send&p=1
INFO: [ app_init ] --START--
INFO: Run Behavior\BuildLiteBehavior [ RunTime:0.000013s ]
INFO: [ app_init ] --END-- [ RunTime:0.000067s ]

[ 2016-03-29T13:06:14+08:00 ] ::1 /zettaiOpe/admin.php?s=/Home/GMPush/send&p=1
INFO: [ app_init ] --START--
INFO: Run Behavior\BuildLiteBehavior [ RunTime:0.000011s ]
INFO: [ app_init ] --END-- [ RunTime:0.000054s ]

[ 2016-03-29T13:06:24+08:00 ] ::1 /zettaiOpe/admin.php?s=/Home/GMPush/send&p=1
INFO: [ app_init ] --START--
INFO: Run Behavior\BuildLiteBehavior [ RunTime:0.000015s ]
INFO: [ app_init ] --END-- [ RunTime:0.000073s ]

[ 2016-03-29T13:06:26+08:00 ] ::1 /zettaiOpe/admin.php?s=/Home/GMPush/send&p=1
INFO: [ app_init ] --START--
INFO: Run Behavior\BuildLiteBehavior [ RunTime:0.000014s ]
INFO: [ app_init ] --END-- [ RunTime:0.000066s ]

[ 2016-03-29T13:06:48+08:00 ] ::1 /zettaiOpe/admin.php?s=/Home/GMPush/send&p=1
INFO: [ app_init ] --START--
INFO: Run Behavior\BuildLiteBehavior [ RunTime:0.000014s ]
INFO: [ app_init ] --END-- [ RunTime:0.000070s ]

[ 2016-03-29T13:07:01+08:00 ] ::1 /zettaiOpe/admin.php?s=/Home/GMPush/send&p=1
INFO: [ app_init ] --START--
INFO: Run Behavior\BuildLiteBehavior [ RunTime:0.000013s ]
INFO: [ app_init ] --END-- [ RunTime:0.000059s ]

[ 2016-03-29T13:07:56+08:00 ] ::1 /zettaiOpe/admin.php?s=/Home/GMPush/send&p=1
INFO: [ app_init ] --START--
INFO: Run Behavior\BuildLiteBehavior [ RunTime:0.000011s ]
INFO: [ app_init ] --END-- [ RunTime:0.000052s ]

[ 2016-03-29T13:08:18+08:00 ] ::1 /zettaiOpe/admin.php?s=/Home/GMPush/send&p=1
INFO: [ app_init ] --START--
INFO: Run Behavior\BuildLiteBehavior [ RunTime:0.000012s ]
INFO: [ app_init ] --END-- [ RunTime:0.000074s ]

[ 2016-03-29T13:08:44+08:00 ] ::1 /zettaiOpe/admin.php?s=/Home/GMPush/send&p=1
INFO: [ app_init ] --START--
INFO: Run Behavior\BuildLiteBehavior [ RunTime:0.000013s ]
INFO: [ app_init ] --END-- [ RunTime:0.000068s ]

[ 2016-03-29T13:08:57+08:00 ] ::1 /zettaiOpe/admin.php?s=/Home/GMPush/send&p=1
INFO: [ app_init ] --START--
INFO: Run Behavior\BuildLiteBehavior [ RunTime:0.000015s ]
INFO: [ app_init ] --END-- [ RunTime:0.000070s ]

[ 2016-03-29T13:09:11+08:00 ] ::1 /zettaiOpe/admin.php?s=/Home/GMPush/send&p=1
INFO: [ app_init ] --START--
INFO: Run Behavior\BuildLiteBehavior [ RunTime:0.000020s ]
INFO: [ app_init ] --END-- [ RunTime:0.000176s ]

[ 2016-03-29T13:10:20+08:00 ] ::1 /zettaiOpe/admin.php?s=/Home/GMPush/send&p=1
INFO: [ app_init ] --START--
INFO: Run Behavior\BuildLiteBehavior [ RunTime:0.000011s ]
INFO: [ app_init ] --END-- [ RunTime:0.000070s ]

[ 2016-03-29T13:10:39+08:00 ] ::1 /zettaiOpe/admin.php?s=/Home/GMPush/send&p=1
INFO: [ app_init ] --START--
INFO: Run Behavior\BuildLiteBehavior [ RunTime:0.000009s ]
INFO: [ app_init ] --END-- [ RunTime:0.000041s ]

[ 2016-03-29T13:11:09+08:00 ] ::1 /zettaiOpe/admin.php?s=/Home/GMPush/send&p=1
INFO: [ app_init ] --START--
INFO: Run Behavior\BuildLiteBehavior [ RunTime:0.000011s ]
INFO: [ app_init ] --END-- [ RunTime:0.000055s ]

[ 2016-03-29T13:11:16+08:00 ] ::1 /zettaiOpe/admin.php?s=/Home/GMPush/send&p=1
INFO: [ app_init ] --START--
INFO: Run Behavior\BuildLiteBehavior [ RunTime:0.000013s ]
INFO: [ app_init ] --END-- [ RunTime:0.000064s ]

[ 2016-03-29T13:13:21+08:00 ] ::1 /zettaiOpe/admin.php?s=/Home/GMPush/send&p=1
INFO: [ app_init ] --START--
INFO: Run Behavior\BuildLiteBehavior [ RunTime:0.000033s ]
INFO: [ app_init ] --END-- [ RunTime:0.000149s ]

[ 2016-03-29T13:13:50+08:00 ] ::1 /zettaiOpe/admin.php?s=/Home/GMPush/send&p=1
INFO: [ app_init ] --START--
INFO: Run Behavior\BuildLiteBehavior [ RunTime:0.000011s ]
INFO: [ app_init ] --END-- [ RunTime:0.000050s ]

[ 2016-03-29T13:14:06+08:00 ] ::1 /zettaiOpe/admin.php?s=/Home/GMPush/send&p=1
INFO: [ app_init ] --START--
INFO: Run Behavior\BuildLiteBehavior [ RunTime:0.000018s ]
INFO: [ app_init ] --END-- [ RunTime:0.000166s ]

[ 2016-03-29T14:30:37+08:00 ] ::1 /zettaiOpe/admin.php
INFO: [ app_init ] --START--
INFO: Run Behavior\BuildLiteBehavior [ RunTime:0.000010s ]
INFO: [ app_init ] --END-- [ RunTime:0.000065s ]

[ 2016-03-29T14:30:43+08:00 ] ::1 /zettaiOpe/admin.php?s=/Home/GMPush
INFO: [ app_init ] --START--
INFO: Run Behavior\BuildLiteBehavior [ RunTime:0.000010s ]
INFO: [ app_init ] --END-- [ RunTime:0.000065s ]

[ 2016-03-29T14:30:45+08:00 ] ::1 /zettaiOpe/admin.php?s=/Home/GMPush/send&p=1
INFO: [ app_init ] --START--
INFO: Run Behavior\BuildLiteBehavior [ RunTime:0.000009s ]
INFO: [ app_init ] --END-- [ RunTime:0.000040s ]

[ 2016-03-29T14:31:07+08:00 ] ::1 /zettaiOpe/admin.php?s=/Home/GMPush/send&p=1
INFO: [ app_init ] --START--
INFO: Run Behavior\BuildLiteBehavior [ RunTime:0.000022s ]
INFO: [ app_init ] --END-- [ RunTime:0.000127s ]

[ 2016-03-29T18:24:52+08:00 ] ::1 /zettaiOpe/admin.php?s=/Home/Script/exec&interval=Push
INFO: [ app_init ] --START--
INFO: Run Behavior\BuildLiteBehavior [ RunTime:0.000008s ]
INFO: [ app_init ] --END-- [ RunTime:0.000048s ]

[ 2016-03-29T18:24:52+08:00 ]  
INFO: [ app_init ] --START--
INFO: Run Behavior\BuildLiteBehavior [ RunTime:0.000033s ]
INFO: [ app_init ] --END-- [ RunTime:0.000185s ]
NOTIC: [8] Undefined index: REQUEST_METHOD /Library/WebServer/Documents/zettaiOpe/ThinkPHP/Library/Think/App.class.php 第 31 行.
NOTIC: [8] Undefined index: REQUEST_URI /Library/WebServer/Documents/zettaiOpe/ThinkPHP/Library/Think/Dispatcher.class.php 第 137 行.

[ 2016-03-29T18:25:12+08:00 ] ::1 /zettaiOpe/admin.php?s=/Home/Script/exec&interval=Push
INFO: [ app_init ] --START--
INFO: Run Behavior\BuildLiteBehavior [ RunTime:0.000012s ]
INFO: [ app_init ] --END-- [ RunTime:0.000092s ]

[ 2016-03-29T18:25:12+08:00 ]  
INFO: [ app_init ] --START--
INFO: Run Behavior\BuildLiteBehavior [ RunTime:0.000016s ]
INFO: [ app_init ] --END-- [ RunTime:0.000087s ]
NOTIC: [8] Undefined index: REQUEST_METHOD /Library/WebServer/Documents/zettaiOpe/ThinkPHP/Library/Think/App.class.php 第 31 行.
NOTIC: [8] Undefined index: REQUEST_URI /Library/WebServer/Documents/zettaiOpe/ThinkPHP/Library/Think/Dispatcher.class.php 第 137 行.

