[ 2016-03-24T08:42:32+08:00 ] ::1 /zettaiOpe/admin.php
INFO: [ app_init ] --START--
INFO: Run Behavior\BuildLiteBehavior [ RunTime:0.000066s ]
INFO: [ app_init ] --END-- [ RunTime:0.000460s ]

[ 2016-03-24T08:42:35+08:00 ] ::1 /zettaiOpe/admin.php
INFO: [ app_init ] --START--
INFO: Run Behavior\BuildLiteBehavior [ RunTime:0.000040s ]
INFO: [ app_init ] --END-- [ RunTime:0.000192s ]

[ 2016-03-24T08:42:49+08:00 ] ::1 /zettaiOpe/admin.php
INFO: [ app_init ] --START--
INFO: Run Behavior\BuildLiteBehavior [ RunTime:0.000018s ]
INFO: [ app_init ] --END-- [ RunTime:0.000091s ]

[ 2016-03-24T08:42:50+08:00 ] ::1 /zettaiOpe/admin.php
INFO: [ app_init ] --START--
INFO: Run Behavior\BuildLiteBehavior [ RunTime:0.000055s ]
INFO: [ app_init ] --END-- [ RunTime:0.000330s ]

[ 2016-03-24T08:43:12+08:00 ] ::1 /zettaiOpe/admin.php
INFO: [ app_init ] --START--
INFO: Run Behavior\BuildLiteBehavior [ RunTime:0.000017s ]
INFO: [ app_init ] --END-- [ RunTime:0.000082s ]

[ 2016-03-24T08:43:14+08:00 ] ::1 /zettaiOpe/admin.php
INFO: [ app_init ] --START--
INFO: Run Behavior\BuildLiteBehavior [ RunTime:0.000063s ]
INFO: [ app_init ] --END-- [ RunTime:0.000374s ]

[ 2016-03-24T08:43:50+08:00 ] ::1 /zettaiOpe/admin.php
INFO: [ app_init ] --START--
INFO: Run Behavior\BuildLiteBehavior [ RunTime:0.000018s ]
INFO: [ app_init ] --END-- [ RunTime:0.000093s ]

[ 2016-03-24T08:43:51+08:00 ] ::1 /zettaiOpe/admin.php
INFO: [ app_init ] --START--
INFO: Run Behavior\BuildLiteBehavior [ RunTime:0.000019s ]
INFO: [ app_init ] --END-- [ RunTime:0.000092s ]

[ 2016-03-24T08:44:07+08:00 ] ::1 /zettaiOpe/admin.php
INFO: [ app_init ] --START--
INFO: Run Behavior\BuildLiteBehavior [ RunTime:0.000019s ]
INFO: [ app_init ] --END-- [ RunTime:0.000142s ]

[ 2016-03-24T08:44:09+08:00 ] ::1 /zettaiOpe/admin.php
INFO: [ app_init ] --START--
INFO: Run Behavior\BuildLiteBehavior [ RunTime:0.000018s ]
INFO: [ app_init ] --END-- [ RunTime:0.000084s ]

[ 2016-03-24T08:46:07+08:00 ] ::1 /zettaiOpe/admin.php
INFO: [ app_init ] --START--
INFO: Run Behavior\BuildLiteBehavior [ RunTime:0.000021s ]
INFO: [ app_init ] --END-- [ RunTime:0.000089s ]

[ 2016-03-24T08:46:08+08:00 ] ::1 /zettaiOpe/admin.php
INFO: [ app_init ] --START--
INFO: Run Behavior\BuildLiteBehavior [ RunTime:0.000020s ]
INFO: [ app_init ] --END-- [ RunTime:0.000086s ]

[ 2016-03-24T08:46:48+08:00 ] ::1 /zettaiOpe/admin.php
INFO: [ app_init ] --START--
INFO: Run Behavior\BuildLiteBehavior [ RunTime:0.000019s ]
INFO: [ app_init ] --END-- [ RunTime:0.000089s ]

[ 2016-03-24T08:46:49+08:00 ] ::1 /zettaiOpe/admin.php
INFO: [ app_init ] --START--
INFO: Run Behavior\BuildLiteBehavior [ RunTime:0.000018s ]
INFO: [ app_init ] --END-- [ RunTime:0.000088s ]

[ 2016-03-24T08:47:02+08:00 ] ::1 /zettaiOpe/admin.php
INFO: [ app_init ] --START--
INFO: Run Behavior\BuildLiteBehavior [ RunTime:0.000017s ]
INFO: [ app_init ] --END-- [ RunTime:0.000087s ]

[ 2016-03-24T08:47:04+08:00 ] ::1 /zettaiOpe/admin.php
INFO: [ app_init ] --START--
INFO: Run Behavior\BuildLiteBehavior [ RunTime:0.000021s ]
INFO: [ app_init ] --END-- [ RunTime:0.000105s ]

[ 2016-03-24T08:48:00+08:00 ] ::1 /zettaiOpe/admin.php
INFO: [ app_init ] --START--
INFO: Run Behavior\BuildLiteBehavior [ RunTime:0.000026s ]
INFO: [ app_init ] --END-- [ RunTime:0.000162s ]

[ 2016-03-24T08:48:02+08:00 ] ::1 /zettaiOpe/admin.php
INFO: [ app_init ] --START--
INFO: Run Behavior\BuildLiteBehavior [ RunTime:0.000023s ]
INFO: [ app_init ] --END-- [ RunTime:0.000123s ]

[ 2016-03-24T08:48:33+08:00 ] ::1 /zettaiOpe/admin.php
INFO: [ app_init ] --START--
INFO: Run Behavior\BuildLiteBehavior [ RunTime:0.000017s ]
INFO: [ app_init ] --END-- [ RunTime:0.000090s ]

[ 2016-03-24T08:48:35+08:00 ] ::1 /zettaiOpe/admin.php
INFO: [ app_init ] --START--
INFO: Run Behavior\BuildLiteBehavior [ RunTime:0.000019s ]
INFO: [ app_init ] --END-- [ RunTime:0.000264s ]

[ 2016-03-24T08:48:37+08:00 ] ::1 /zettaiOpe/admin.php
INFO: [ app_init ] --START--
INFO: Run Behavior\BuildLiteBehavior [ RunTime:0.000025s ]
INFO: [ app_init ] --END-- [ RunTime:0.000123s ]

[ 2016-03-24T08:48:39+08:00 ] ::1 /zettaiOpe/admin.php
INFO: [ app_init ] --START--
INFO: Run Behavior\BuildLiteBehavior [ RunTime:0.000019s ]
INFO: [ app_init ] --END-- [ RunTime:0.000088s ]

[ 2016-03-24T08:49:59+08:00 ] ::1 /zettaiOpe/admin.php
INFO: [ app_init ] --START--
INFO: Run Behavior\BuildLiteBehavior [ RunTime:0.000019s ]
INFO: [ app_init ] --END-- [ RunTime:0.000229s ]

[ 2016-03-24T08:50:01+08:00 ] ::1 /zettaiOpe/admin.php
INFO: [ app_init ] --START--
INFO: Run Behavior\BuildLiteBehavior [ RunTime:0.000027s ]
INFO: [ app_init ] --END-- [ RunTime:0.000138s ]

[ 2016-03-24T09:02:43+08:00 ] ::1 /zettaiOpe/admin.php
INFO: [ app_init ] --START--
INFO: Run Behavior\BuildLiteBehavior [ RunTime:0.000018s ]
INFO: [ app_init ] --END-- [ RunTime:0.000094s ]

[ 2016-03-24T09:02:43+08:00 ] ::1 /zettaiOpe/admin.php?s=Home/Home/logout
INFO: [ app_init ] --START--
INFO: Run Behavior\BuildLiteBehavior [ RunTime:0.000008s ]
INFO: [ app_init ] --END-- [ RunTime:0.000040s ]

[ 2016-03-24T09:02:43+08:00 ] ::1 /zettaiOpe/admin.php?s=Home/Home/login
INFO: [ app_init ] --START--
INFO: Run Behavior\BuildLiteBehavior [ RunTime:0.000014s ]
INFO: [ app_init ] --END-- [ RunTime:0.000082s ]

[ 2016-03-24T09:02:50+08:00 ] ::1 /zettaiOpe/admin.php?s=Home/Home/login
INFO: [ app_init ] --START--
INFO: Run Behavior\BuildLiteBehavior [ RunTime:0.000025s ]
INFO: [ app_init ] --END-- [ RunTime:0.000099s ]

[ 2016-03-24T09:02:50+08:00 ] ::1 /zettaiOpe/admin.php?s=Home/Index/index
INFO: [ app_init ] --START--
INFO: Run Behavior\BuildLiteBehavior [ RunTime:0.000010s ]
INFO: [ app_init ] --END-- [ RunTime:0.000046s ]

[ 2016-03-24T09:03:07+08:00 ] ::1 /zettaiOpe/admin.php?s=/Home/GMMarquee
INFO: [ app_init ] --START--
INFO: Run Behavior\BuildLiteBehavior [ RunTime:0.000014s ]
INFO: [ app_init ] --END-- [ RunTime:0.000076s ]

[ 2016-03-24T09:03:18+08:00 ] ::1 /zettaiOpe/admin.php?s=/Home/GMMarquee
INFO: [ app_init ] --START--
INFO: Run Behavior\BuildLiteBehavior [ RunTime:0.000024s ]
INFO: [ app_init ] --END-- [ RunTime:0.000130s ]

[ 2016-03-24T09:06:54+08:00 ] ::1 /zettaiOpe/admin.php?s=/Home/GMMarquee
INFO: [ app_init ] --START--
INFO: Run Behavior\BuildLiteBehavior [ RunTime:0.000043s ]
INFO: [ app_init ] --END-- [ RunTime:0.000224s ]

[ 2016-03-24T09:07:01+08:00 ] ::1 /zettaiOpe/admin.php?s=/Home/GMMarquee
INFO: [ app_init ] --START--
INFO: Run Behavior\BuildLiteBehavior [ RunTime:0.000007s ]
INFO: [ app_init ] --END-- [ RunTime:0.000037s ]

[ 2016-03-24T09:07:03+08:00 ] ::1 /zettaiOpe/admin.php?s=/Home/GMMarquee/send&p=1
INFO: [ app_init ] --START--
INFO: Run Behavior\BuildLiteBehavior [ RunTime:0.000009s ]
INFO: [ app_init ] --END-- [ RunTime:0.000041s ]

[ 2016-03-24T09:07:08+08:00 ] ::1 /zettaiOpe/admin.php?s=/Home/GMMarquee/send&p=1
INFO: [ app_init ] --START--
INFO: Run Behavior\BuildLiteBehavior [ RunTime:0.000011s ]
INFO: [ app_init ] --END-- [ RunTime:0.000055s ]

[ 2016-03-24T09:07:25+08:00 ] ::1 /zettaiOpe/admin.php?s=/Home/GMMarquee/send&p=1
INFO: [ app_init ] --START--
INFO: Run Behavior\BuildLiteBehavior [ RunTime:0.000014s ]
INFO: [ app_init ] --END-- [ RunTime:0.000075s ]

[ 2016-03-24T09:07:42+08:00 ] ::1 /zettaiOpe/admin.php?s=/Home/GMMarquee/send&p=1
INFO: [ app_init ] --START--
INFO: Run Behavior\BuildLiteBehavior [ RunTime:0.000011s ]
INFO: [ app_init ] --END-- [ RunTime:0.000059s ]

[ 2016-03-24T09:08:02+08:00 ] ::1 /zettaiOpe/admin.php?s=/Home/GMMarquee/send&p=1
INFO: [ app_init ] --START--
INFO: Run Behavior\BuildLiteBehavior [ RunTime:0.000015s ]
INFO: [ app_init ] --END-- [ RunTime:0.000083s ]

[ 2016-03-24T09:08:16+08:00 ] ::1 /zettaiOpe/admin.php?s=/Home/GMMarquee/send&p=1
INFO: [ app_init ] --START--
INFO: Run Behavior\BuildLiteBehavior [ RunTime:0.000009s ]
INFO: [ app_init ] --END-- [ RunTime:0.000043s ]

[ 2016-03-24T09:08:24+08:00 ] ::1 /zettaiOpe/admin.php?s=/Home/GMMarquee/send&p=1
INFO: [ app_init ] --START--
INFO: Run Behavior\BuildLiteBehavior [ RunTime:0.000008s ]
INFO: [ app_init ] --END-- [ RunTime:0.000041s ]

[ 2016-03-24T09:08:49+08:00 ] ::1 /zettaiOpe/admin.php?s=/Home/GMMarquee/send&p=1
INFO: [ app_init ] --START--
INFO: Run Behavior\BuildLiteBehavior [ RunTime:0.000017s ]
INFO: [ app_init ] --END-- [ RunTime:0.000092s ]

[ 2016-03-24T09:09:02+08:00 ] ::1 /zettaiOpe/admin.php?s=/Home/SMCache
INFO: [ app_init ] --START--
INFO: Run Behavior\BuildLiteBehavior [ RunTime:0.000015s ]
INFO: [ app_init ] --END-- [ RunTime:0.000076s ]

[ 2016-03-24T09:09:10+08:00 ] ::1 /zettaiOpe/admin.php?s=/Home/SMCache
INFO: [ app_init ] --START--
INFO: Run Behavior\BuildLiteBehavior [ RunTime:0.000009s ]
INFO: [ app_init ] --END-- [ RunTime:0.000045s ]

[ 2016-03-24T09:09:17+08:00 ] ::1 /zettaiOpe/admin.php?s=/Home/GMMarquee
INFO: [ app_init ] --START--
INFO: Run Behavior\BuildLiteBehavior [ RunTime:0.000014s ]
INFO: [ app_init ] --END-- [ RunTime:0.000075s ]

[ 2016-03-24T09:09:20+08:00 ] ::1 /zettaiOpe/admin.php?s=/Home/GMMarquee/send&p=1
INFO: [ app_init ] --START--
INFO: Run Behavior\BuildLiteBehavior [ RunTime:0.000009s ]
INFO: [ app_init ] --END-- [ RunTime:0.000043s ]

[ 2016-03-24T09:09:31+08:00 ] ::1 /zettaiOpe/admin.php?s=/Home/GMMarquee/send&p=1
INFO: [ app_init ] --START--
INFO: Run Behavior\BuildLiteBehavior [ RunTime:0.000008s ]
INFO: [ app_init ] --END-- [ RunTime:0.000040s ]

[ 2016-03-24T09:09:37+08:00 ] ::1 /zettaiOpe/admin.php?s=/Home/GMMarquee/send&p=1
INFO: [ app_init ] --START--
INFO: Run Behavior\BuildLiteBehavior [ RunTime:0.000009s ]
INFO: [ app_init ] --END-- [ RunTime:0.000044s ]

[ 2016-03-24T09:10:01+08:00 ] ::1 /zettaiOpe/admin.php?s=/Home/GMMarquee/send&p=1
INFO: [ app_init ] --START--
INFO: Run Behavior\BuildLiteBehavior [ RunTime:0.000010s ]
INFO: [ app_init ] --END-- [ RunTime:0.000049s ]

[ 2016-03-24T09:17:12+08:00 ] ::1 /zettaiOpe/admin.php?s=/Home/SMServer
INFO: [ app_init ] --START--
INFO: Run Behavior\BuildLiteBehavior [ RunTime:0.000008s ]
INFO: [ app_init ] --END-- [ RunTime:0.000041s ]

[ 2016-03-24T09:17:17+08:00 ] ::1 /zettaiOpe/admin.php?s=/Home/SMServer/status&server_id=103&search_channel_id=0&id=3
INFO: [ app_init ] --START--
INFO: Run Behavior\BuildLiteBehavior [ RunTime:0.000008s ]
INFO: [ app_init ] --END-- [ RunTime:0.000040s ]

[ 2016-03-24T09:17:35+08:00 ] ::1 /zettaiOpe/admin.php?s=/Home/SMServer/index&search_channel_id=0
INFO: [ app_init ] --START--
INFO: Run Behavior\BuildLiteBehavior [ RunTime:0.000015s ]
INFO: [ app_init ] --END-- [ RunTime:0.000080s ]

[ 2016-03-24T09:17:55+08:00 ] ::1 /zettaiOpe/admin.php?s=/Home/SMServer/status&server_id=103&search_channel_id=0&id=3
INFO: [ app_init ] --START--
INFO: Run Behavior\BuildLiteBehavior [ RunTime:0.000009s ]
INFO: [ app_init ] --END-- [ RunTime:0.000049s ]

[ 2016-03-24T09:18:26+08:00 ] ::1 /zettaiOpe/admin.php?s=/Home/SMServer/status&server_id=103&search_channel_id=0&id=3
INFO: [ app_init ] --START--
INFO: Run Behavior\BuildLiteBehavior [ RunTime:0.000025s ]
INFO: [ app_init ] --END-- [ RunTime:0.000128s ]

[ 2016-03-24T09:19:15+08:00 ] ::1 /zettaiOpe/admin.php?s=/Home/SMServer/status&server_id=103&search_channel_id=0&id=3
INFO: [ app_init ] --START--
INFO: Run Behavior\BuildLiteBehavior [ RunTime:0.000008s ]
INFO: [ app_init ] --END-- [ RunTime:0.000039s ]

[ 2016-03-24T09:19:53+08:00 ] ::1 /zettaiOpe/admin.php?s=/Home/SMServer/status&server_id=103&search_channel_id=0&id=3
INFO: [ app_init ] --START--
INFO: Run Behavior\BuildLiteBehavior [ RunTime:0.000008s ]
INFO: [ app_init ] --END-- [ RunTime:0.000039s ]

[ 2016-03-24T09:19:55+08:00 ] ::1 /zettaiOpe/admin.php?s=/Home/SMServer/index&search_channel_id=0
INFO: [ app_init ] --START--
INFO: Run Behavior\BuildLiteBehavior [ RunTime:0.000009s ]
INFO: [ app_init ] --END-- [ RunTime:0.000041s ]

[ 2016-03-24T09:24:40+08:00 ] ::1 /zettaiOpe/admin.php?s=/Home/SMCache
INFO: [ app_init ] --START--
INFO: Run Behavior\BuildLiteBehavior [ RunTime:0.000009s ]
INFO: [ app_init ] --END-- [ RunTime:0.000041s ]

[ 2016-03-24T09:24:44+08:00 ] ::1 /zettaiOpe/admin.php?s=/Home/SMCache
INFO: [ app_init ] --START--
INFO: Run Behavior\BuildLiteBehavior [ RunTime:0.000008s ]
INFO: [ app_init ] --END-- [ RunTime:0.000041s ]

[ 2016-03-24T09:26:02+08:00 ] ::1 /zettaiOpe/admin.php?s=/Home/SMServer
INFO: [ app_init ] --START--
INFO: Run Behavior\BuildLiteBehavior [ RunTime:0.000008s ]
INFO: [ app_init ] --END-- [ RunTime:0.000040s ]

[ 2016-03-24T09:26:07+08:00 ] ::1 /zettaiOpe/admin.php?s=/Home/SMServer/status&server_id=103&search_channel_id=0&id=3
INFO: [ app_init ] --START--
INFO: Run Behavior\BuildLiteBehavior [ RunTime:0.000020s ]
INFO: [ app_init ] --END-- [ RunTime:0.000087s ]

[ 2016-03-24T09:26:08+08:00 ] ::1 /zettaiOpe/admin.php?s=/Home/SMServer/index&search_channel_id=0
INFO: [ app_init ] --START--
INFO: Run Behavior\BuildLiteBehavior [ RunTime:0.000029s ]
INFO: [ app_init ] --END-- [ RunTime:0.000079s ]

[ 2016-03-24T09:27:25+08:00 ] ::1 /zettaiOpe/admin.php?s=/Home/SMServer/status&server_id=103&search_channel_id=0&id=3
INFO: [ app_init ] --START--
INFO: Run Behavior\BuildLiteBehavior [ RunTime:0.000008s ]
INFO: [ app_init ] --END-- [ RunTime:0.000039s ]

[ 2016-03-24T09:27:33+08:00 ] ::1 /zettaiOpe/admin.php?s=/Home/SMServer/index&search_channel_id=0
INFO: [ app_init ] --START--
INFO: Run Behavior\BuildLiteBehavior [ RunTime:0.000009s ]
INFO: [ app_init ] --END-- [ RunTime:0.000045s ]

[ 2016-03-24T09:27:42+08:00 ] ::1 /zettaiOpe/admin.php?s=/Home/SMChannel
INFO: [ app_init ] --START--
INFO: Run Behavior\BuildLiteBehavior [ RunTime:0.000008s ]
INFO: [ app_init ] --END-- [ RunTime:0.000037s ]

[ 2016-03-24T09:27:43+08:00 ] ::1 /zettaiOpe/admin.php?s=/Home/SMCache
INFO: [ app_init ] --START--
INFO: Run Behavior\BuildLiteBehavior [ RunTime:0.000009s ]
INFO: [ app_init ] --END-- [ RunTime:0.000043s ]

[ 2016-03-24T09:27:49+08:00 ] ::1 /zettaiOpe/admin.php?s=/Home/SMCache
INFO: [ app_init ] --START--
INFO: Run Behavior\BuildLiteBehavior [ RunTime:0.000009s ]
INFO: [ app_init ] --END-- [ RunTime:0.000041s ]

[ 2016-03-24T09:28:10+08:00 ] ::1 /zettaiOpe/admin.php?s=/Home/SMCache
INFO: [ app_init ] --START--
INFO: Run Behavior\BuildLiteBehavior [ RunTime:0.000009s ]
INFO: [ app_init ] --END-- [ RunTime:0.000041s ]

[ 2016-03-24T09:28:20+08:00 ] ::1 /zettaiOpe/admin.php?s=/Home/SMServer
INFO: [ app_init ] --START--
INFO: Run Behavior\BuildLiteBehavior [ RunTime:0.000008s ]
INFO: [ app_init ] --END-- [ RunTime:0.000038s ]

[ 2016-03-24T09:28:23+08:00 ] ::1 /zettaiOpe/admin.php?s=/Home/SMServer/status&server_id=103&search_channel_id=0&id=3
INFO: [ app_init ] --START--
INFO: Run Behavior\BuildLiteBehavior [ RunTime:0.000008s ]
INFO: [ app_init ] --END-- [ RunTime:0.000041s ]

[ 2016-03-24T09:29:00+08:00 ] ::1 /zettaiOpe/admin.php?s=/Home/SMServer/index&search_channel_id=0
INFO: [ app_init ] --START--
INFO: Run Behavior\BuildLiteBehavior [ RunTime:0.000010s ]
INFO: [ app_init ] --END-- [ RunTime:0.000047s ]

[ 2016-03-24T09:29:03+08:00 ] ::1 /zettaiOpe/admin.php?s=/Home/SMServer/status&server_id=103&search_channel_id=0&id=3
INFO: [ app_init ] --START--
INFO: Run Behavior\BuildLiteBehavior [ RunTime:0.000008s ]
INFO: [ app_init ] --END-- [ RunTime:0.000041s ]

[ 2016-03-24T09:29:05+08:00 ] ::1 /zettaiOpe/admin.php?s=/Home/SMServer/index&search_channel_id=0
INFO: [ app_init ] --START--
INFO: Run Behavior\BuildLiteBehavior [ RunTime:0.000033s ]
INFO: [ app_init ] --END-- [ RunTime:0.000160s ]

[ 2016-03-24T09:29:47+08:00 ] ::1 /zettaiOpe/admin.php?s=/Home/SMServer/status&server_id=103&search_channel_id=0&id=3
INFO: [ app_init ] --START--
INFO: Run Behavior\BuildLiteBehavior [ RunTime:0.000043s ]
INFO: [ app_init ] --END-- [ RunTime:0.000262s ]

[ 2016-03-24T09:30:08+08:00 ] ::1 /zettaiOpe/admin.php?s=/Home/SMServer/index&search_channel_id=0
INFO: [ app_init ] --START--
INFO: Run Behavior\BuildLiteBehavior [ RunTime:0.000014s ]
INFO: [ app_init ] --END-- [ RunTime:0.000067s ]

[ 2016-03-24T09:30:10+08:00 ] ::1 /zettaiOpe/admin.php?s=/Home/SMServer/status&server_id=103&search_channel_id=0&id=3
INFO: [ app_init ] --START--
INFO: Run Behavior\BuildLiteBehavior [ RunTime:0.000034s ]
INFO: [ app_init ] --END-- [ RunTime:0.000129s ]

[ 2016-03-24T09:30:20+08:00 ] ::1 /zettaiOpe/admin.php?s=/Home/SMServer/index&search_channel_id=0
INFO: [ app_init ] --START--
INFO: Run Behavior\BuildLiteBehavior [ RunTime:0.000020s ]
INFO: [ app_init ] --END-- [ RunTime:0.000094s ]

[ 2016-03-24T09:30:22+08:00 ] ::1 /zettaiOpe/admin.php?s=/Home/SMServer/status&server_id=103&search_channel_id=0&id=3
INFO: [ app_init ] --START--
INFO: Run Behavior\BuildLiteBehavior [ RunTime:0.000012s ]
INFO: [ app_init ] --END-- [ RunTime:0.000079s ]

[ 2016-03-24T09:30:25+08:00 ] ::1 /zettaiOpe/admin.php?s=/Home/SMServer/index&search_channel_id=0
INFO: [ app_init ] --START--
INFO: Run Behavior\BuildLiteBehavior [ RunTime:0.000036s ]
INFO: [ app_init ] --END-- [ RunTime:0.000190s ]

[ 2016-03-24T09:30:27+08:00 ] ::1 /zettaiOpe/admin.php?s=/Home/SMServer/status&server_id=103&search_channel_id=0&id=3
INFO: [ app_init ] --START--
INFO: Run Behavior\BuildLiteBehavior [ RunTime:0.000034s ]
INFO: [ app_init ] --END-- [ RunTime:0.000147s ]

[ 2016-03-24T09:30:29+08:00 ] ::1 /zettaiOpe/admin.php?s=/Home/SMServer/index&search_channel_id=0
INFO: [ app_init ] --START--
INFO: Run Behavior\BuildLiteBehavior [ RunTime:0.000012s ]
INFO: [ app_init ] --END-- [ RunTime:0.000059s ]

[ 2016-03-24T09:31:09+08:00 ] ::1 /zettaiOpe/admin.php?s=/Home/SMServer/status&server_id=103&search_channel_id=0&id=3
INFO: [ app_init ] --START--
INFO: Run Behavior\BuildLiteBehavior [ RunTime:0.000009s ]
INFO: [ app_init ] --END-- [ RunTime:0.000045s ]

[ 2016-03-24T09:31:21+08:00 ] ::1 /zettaiOpe/admin.php?s=/Home/SMServer/index&search_channel_id=0
INFO: [ app_init ] --START--
INFO: Run Behavior\BuildLiteBehavior [ RunTime:0.000022s ]
INFO: [ app_init ] --END-- [ RunTime:0.000107s ]

[ 2016-03-24T09:32:00+08:00 ] ::1 /zettaiOpe/admin.php?s=/Home/SMServer/status&server_id=103&search_channel_id=0&id=3
INFO: [ app_init ] --START--
INFO: Run Behavior\BuildLiteBehavior [ RunTime:0.000009s ]
INFO: [ app_init ] --END-- [ RunTime:0.000041s ]

[ 2016-03-24T09:32:22+08:00 ] ::1 /zettaiOpe/admin.php?s=/Home/SMServer/index&search_channel_id=0
INFO: [ app_init ] --START--
INFO: Run Behavior\BuildLiteBehavior [ RunTime:0.000009s ]
INFO: [ app_init ] --END-- [ RunTime:0.000041s ]

[ 2016-03-24T09:32:36+08:00 ] ::1 /zettaiOpe/admin.php?s=/Home/SMServer/status&server_id=103&search_channel_id=0&id=3
INFO: [ app_init ] --START--
INFO: Run Behavior\BuildLiteBehavior [ RunTime:0.000008s ]
INFO: [ app_init ] --END-- [ RunTime:0.000040s ]

[ 2016-03-24T09:32:38+08:00 ] ::1 /zettaiOpe/admin.php?s=/Home/SMServer/status&server_id=103&search_channel_id=0&id=3
INFO: [ app_init ] --START--
INFO: Run Behavior\BuildLiteBehavior [ RunTime:0.000008s ]
INFO: [ app_init ] --END-- [ RunTime:0.000038s ]

[ 2016-03-24T09:32:40+08:00 ] ::1 /zettaiOpe/admin.php?s=/Home/SMServer/status&server_id=103&search_channel_id=0&id=3
INFO: [ app_init ] --START--
INFO: Run Behavior\BuildLiteBehavior [ RunTime:0.000008s ]
INFO: [ app_init ] --END-- [ RunTime:0.000040s ]

[ 2016-03-24T09:32:41+08:00 ] ::1 /zettaiOpe/admin.php?s=/Home/SMServer/status&server_id=103&search_channel_id=0&id=3
INFO: [ app_init ] --START--
INFO: Run Behavior\BuildLiteBehavior [ RunTime:0.000008s ]
INFO: [ app_init ] --END-- [ RunTime:0.000042s ]

[ 2016-03-24T09:32:41+08:00 ] ::1 /zettaiOpe/admin.php?s=/Home/SMServer/status&server_id=103&search_channel_id=0&id=3
INFO: [ app_init ] --START--
INFO: Run Behavior\BuildLiteBehavior [ RunTime:0.000008s ]
INFO: [ app_init ] --END-- [ RunTime:0.000039s ]

[ 2016-03-24T09:32:42+08:00 ] ::1 /zettaiOpe/admin.php?s=/Home/SMServer/status&server_id=103&search_channel_id=0&id=3
INFO: [ app_init ] --START--
INFO: Run Behavior\BuildLiteBehavior [ RunTime:0.000008s ]
INFO: [ app_init ] --END-- [ RunTime:0.000041s ]

[ 2016-03-24T09:32:42+08:00 ] ::1 /zettaiOpe/admin.php?s=/Home/SMServer/status&server_id=103&search_channel_id=0&id=3
INFO: [ app_init ] --START--
INFO: Run Behavior\BuildLiteBehavior [ RunTime:0.000008s ]
INFO: [ app_init ] --END-- [ RunTime:0.000038s ]

[ 2016-03-24T09:32:43+08:00 ] ::1 /zettaiOpe/admin.php?s=/Home/SMServer/status&server_id=103&search_channel_id=0&id=3
INFO: [ app_init ] --START--
INFO: Run Behavior\BuildLiteBehavior [ RunTime:0.000007s ]
INFO: [ app_init ] --END-- [ RunTime:0.000039s ]

[ 2016-03-24T09:32:43+08:00 ] ::1 /zettaiOpe/admin.php?s=/Home/SMServer/status&server_id=103&search_channel_id=0&id=3
INFO: [ app_init ] --START--
INFO: Run Behavior\BuildLiteBehavior [ RunTime:0.000009s ]
INFO: [ app_init ] --END-- [ RunTime:0.000042s ]

[ 2016-03-24T09:32:44+08:00 ] ::1 /zettaiOpe/admin.php?s=/Home/SMServer/status&server_id=103&search_channel_id=0&id=3
INFO: [ app_init ] --START--
INFO: Run Behavior\BuildLiteBehavior [ RunTime:0.000008s ]
INFO: [ app_init ] --END-- [ RunTime:0.000038s ]

[ 2016-03-24T09:32:44+08:00 ] ::1 /zettaiOpe/admin.php?s=/Home/SMServer/status&server_id=103&search_channel_id=0&id=3
INFO: [ app_init ] --START--
INFO: Run Behavior\BuildLiteBehavior [ RunTime:0.000008s ]
INFO: [ app_init ] --END-- [ RunTime:0.000037s ]

[ 2016-03-24T09:32:45+08:00 ] ::1 /zettaiOpe/admin.php?s=/Home/SMServer/status&server_id=103&search_channel_id=0&id=3
INFO: [ app_init ] --START--
INFO: Run Behavior\BuildLiteBehavior [ RunTime:0.000008s ]
INFO: [ app_init ] --END-- [ RunTime:0.000042s ]

[ 2016-03-24T09:32:45+08:00 ] ::1 /zettaiOpe/admin.php?s=/Home/SMServer/status&server_id=103&search_channel_id=0&id=3
INFO: [ app_init ] --START--
INFO: Run Behavior\BuildLiteBehavior [ RunTime:0.000008s ]
INFO: [ app_init ] --END-- [ RunTime:0.000039s ]

[ 2016-03-24T09:32:45+08:00 ] ::1 /zettaiOpe/admin.php?s=/Home/SMServer/status&server_id=103&search_channel_id=0&id=3
INFO: [ app_init ] --START--
INFO: Run Behavior\BuildLiteBehavior [ RunTime:0.000008s ]
INFO: [ app_init ] --END-- [ RunTime:0.000041s ]

[ 2016-03-24T09:32:46+08:00 ] ::1 /zettaiOpe/admin.php?s=/Home/SMServer/status&server_id=103&search_channel_id=0&id=3
INFO: [ app_init ] --START--
INFO: Run Behavior\BuildLiteBehavior [ RunTime:0.000008s ]
INFO: [ app_init ] --END-- [ RunTime:0.000040s ]

[ 2016-03-24T09:32:46+08:00 ] ::1 /zettaiOpe/admin.php?s=/Home/SMServer/status&server_id=103&search_channel_id=0&id=3
INFO: [ app_init ] --START--
INFO: Run Behavior\BuildLiteBehavior [ RunTime:0.000009s ]
INFO: [ app_init ] --END-- [ RunTime:0.000045s ]

[ 2016-03-24T09:32:47+08:00 ] ::1 /zettaiOpe/admin.php?s=/Home/SMServer/status&server_id=103&search_channel_id=0&id=3
INFO: [ app_init ] --START--
INFO: Run Behavior\BuildLiteBehavior [ RunTime:0.000014s ]
INFO: [ app_init ] --END-- [ RunTime:0.000083s ]

[ 2016-03-24T09:32:47+08:00 ] ::1 /zettaiOpe/admin.php?s=/Home/SMServer/status&server_id=103&search_channel_id=0&id=3
INFO: [ app_init ] --START--
INFO: Run Behavior\BuildLiteBehavior [ RunTime:0.000022s ]
INFO: [ app_init ] --END-- [ RunTime:0.000102s ]

[ 2016-03-24T09:32:49+08:00 ] ::1 /zettaiOpe/admin.php?s=/Home/SMServer/status&server_id=103&search_channel_id=0&id=3
INFO: [ app_init ] --START--
INFO: Run Behavior\BuildLiteBehavior [ RunTime:0.000009s ]
INFO: [ app_init ] --END-- [ RunTime:0.000040s ]

[ 2016-03-24T09:32:50+08:00 ] ::1 /zettaiOpe/admin.php?s=/Home/SMServer/status&server_id=103&search_channel_id=0&id=3
INFO: [ app_init ] --START--
INFO: Run Behavior\BuildLiteBehavior [ RunTime:0.000007s ]
INFO: [ app_init ] --END-- [ RunTime:0.000037s ]

[ 2016-03-24T09:32:59+08:00 ] ::1 /zettaiOpe/admin.php?s=/Home/SMServer/status&server_id=103&search_channel_id=0&id=3
INFO: [ app_init ] --START--
INFO: Run Behavior\BuildLiteBehavior [ RunTime:0.000010s ]
INFO: [ app_init ] --END-- [ RunTime:0.000050s ]

[ 2016-03-24T09:33:01+08:00 ] ::1 /zettaiOpe/admin.php?s=/Home/SMServer/status&server_id=103&search_channel_id=0&id=3
INFO: [ app_init ] --START--
INFO: Run Behavior\BuildLiteBehavior [ RunTime:0.000007s ]
INFO: [ app_init ] --END-- [ RunTime:0.000038s ]

[ 2016-03-24T09:33:02+08:00 ] ::1 /zettaiOpe/admin.php?s=/Home/SMServer/status&server_id=103&search_channel_id=0&id=3
INFO: [ app_init ] --START--
INFO: Run Behavior\BuildLiteBehavior [ RunTime:0.000008s ]
INFO: [ app_init ] --END-- [ RunTime:0.000040s ]

[ 2016-03-24T09:33:02+08:00 ] ::1 /zettaiOpe/admin.php?s=/Home/SMServer/status&server_id=103&search_channel_id=0&id=3
INFO: [ app_init ] --START--
INFO: Run Behavior\BuildLiteBehavior [ RunTime:0.000008s ]
INFO: [ app_init ] --END-- [ RunTime:0.000041s ]

[ 2016-03-24T09:33:14+08:00 ] ::1 /zettaiOpe/admin.php?s=/Home/SMServer/status&server_id=103&search_channel_id=0&id=3
INFO: [ app_init ] --START--
INFO: Run Behavior\BuildLiteBehavior [ RunTime:0.000008s ]
INFO: [ app_init ] --END-- [ RunTime:0.000039s ]

[ 2016-03-24T09:33:15+08:00 ] ::1 /zettaiOpe/admin.php?s=/Home/SMServer/status&server_id=103&search_channel_id=0&id=3
INFO: [ app_init ] --START--
INFO: Run Behavior\BuildLiteBehavior [ RunTime:0.000009s ]
INFO: [ app_init ] --END-- [ RunTime:0.000039s ]

[ 2016-03-24T09:33:16+08:00 ] ::1 /zettaiOpe/admin.php?s=/Home/SMServer/status&server_id=103&search_channel_id=0&id=3
INFO: [ app_init ] --START--
INFO: Run Behavior\BuildLiteBehavior [ RunTime:0.000008s ]
INFO: [ app_init ] --END-- [ RunTime:0.000038s ]

[ 2016-03-24T09:33:17+08:00 ] ::1 /zettaiOpe/admin.php?s=/Home/SMServer/status&server_id=103&search_channel_id=0&id=3
INFO: [ app_init ] --START--
INFO: Run Behavior\BuildLiteBehavior [ RunTime:0.000007s ]
INFO: [ app_init ] --END-- [ RunTime:0.000038s ]

[ 2016-03-24T09:33:17+08:00 ] ::1 /zettaiOpe/admin.php?s=/Home/SMServer/status&server_id=103&search_channel_id=0&id=3
INFO: [ app_init ] --START--
INFO: Run Behavior\BuildLiteBehavior [ RunTime:0.000009s ]
INFO: [ app_init ] --END-- [ RunTime:0.000040s ]

[ 2016-03-24T09:33:55+08:00 ] ::1 /zettaiOpe/admin.php?s=/Home/SMServer/status&server_id=103&search_channel_id=0&id=3
INFO: [ app_init ] --START--
INFO: Run Behavior\BuildLiteBehavior [ RunTime:0.000008s ]
INFO: [ app_init ] --END-- [ RunTime:0.000039s ]

[ 2016-03-24T09:33:58+08:00 ] ::1 /zettaiOpe/admin.php?s=/Home/SMServer/status&server_id=103&search_channel_id=0&id=3
INFO: [ app_init ] --START--
INFO: Run Behavior\BuildLiteBehavior [ RunTime:0.000007s ]
INFO: [ app_init ] --END-- [ RunTime:0.000038s ]

[ 2016-03-24T09:33:59+08:00 ] ::1 /zettaiOpe/admin.php?s=/Home/SMServer/status&server_id=103&search_channel_id=0&id=3
INFO: [ app_init ] --START--
INFO: Run Behavior\BuildLiteBehavior [ RunTime:0.000009s ]
INFO: [ app_init ] --END-- [ RunTime:0.000048s ]

[ 2016-03-24T09:37:26+08:00 ] ::1 /zettaiOpe/admin.php?s=/Home/SMServer/status&server_id=103&search_channel_id=0&id=3
INFO: [ app_init ] --START--
INFO: Run Behavior\BuildLiteBehavior [ RunTime:0.000009s ]
INFO: [ app_init ] --END-- [ RunTime:0.000045s ]

[ 2016-03-24T09:37:28+08:00 ] ::1 /zettaiOpe/admin.php?s=/Home/SMServer/status&server_id=103&search_channel_id=0&id=3
INFO: [ app_init ] --START--
INFO: Run Behavior\BuildLiteBehavior [ RunTime:0.000007s ]
INFO: [ app_init ] --END-- [ RunTime:0.000037s ]

[ 2016-03-24T09:37:29+08:00 ] ::1 /zettaiOpe/admin.php?s=/Home/SMServer/status&server_id=103&search_channel_id=0&id=3
INFO: [ app_init ] --START--
INFO: Run Behavior\BuildLiteBehavior [ RunTime:0.000007s ]
INFO: [ app_init ] --END-- [ RunTime:0.000038s ]

[ 2016-03-24T09:38:45+08:00 ] ::1 /zettaiOpe/admin.php?s=/Home/SMServer/status&server_id=103&search_channel_id=0&id=3
INFO: [ app_init ] --START--
INFO: Run Behavior\BuildLiteBehavior [ RunTime:0.000008s ]
INFO: [ app_init ] --END-- [ RunTime:0.000040s ]

[ 2016-03-24T09:38:46+08:00 ] ::1 /zettaiOpe/admin.php?s=/Home/SMServer/status&server_id=103&search_channel_id=0&id=3
INFO: [ app_init ] --START--
INFO: Run Behavior\BuildLiteBehavior [ RunTime:0.000008s ]
INFO: [ app_init ] --END-- [ RunTime:0.000038s ]

[ 2016-03-24T09:38:46+08:00 ] ::1 /zettaiOpe/admin.php?s=/Home/SMServer/status&server_id=103&search_channel_id=0&id=3
INFO: [ app_init ] --START--
INFO: Run Behavior\BuildLiteBehavior [ RunTime:0.000018s ]
INFO: [ app_init ] --END-- [ RunTime:0.000086s ]

[ 2016-03-24T09:38:47+08:00 ] ::1 /zettaiOpe/admin.php?s=/Home/SMServer/status&server_id=103&search_channel_id=0&id=3
INFO: [ app_init ] --START--
INFO: Run Behavior\BuildLiteBehavior [ RunTime:0.000008s ]
INFO: [ app_init ] --END-- [ RunTime:0.000039s ]

[ 2016-03-24T09:38:58+08:00 ] ::1 /zettaiOpe/admin.php?s=/Home/SMServer/status&server_id=103&search_channel_id=0&id=3
INFO: [ app_init ] --START--
INFO: Run Behavior\BuildLiteBehavior [ RunTime:0.000013s ]
INFO: [ app_init ] --END-- [ RunTime:0.000061s ]

[ 2016-03-24T09:39:00+08:00 ] ::1 /zettaiOpe/admin.php?s=/Home/SMServer/index&search_channel_id=0
INFO: [ app_init ] --START--
INFO: Run Behavior\BuildLiteBehavior [ RunTime:0.000009s ]
INFO: [ app_init ] --END-- [ RunTime:0.000041s ]

[ 2016-03-24T09:39:13+08:00 ] ::1 /zettaiOpe/admin.php?s=/Home/SMServer/status&server_id=103&search_channel_id=0&id=3
INFO: [ app_init ] --START--
INFO: Run Behavior\BuildLiteBehavior [ RunTime:0.000009s ]
INFO: [ app_init ] --END-- [ RunTime:0.000043s ]

[ 2016-03-24T09:39:14+08:00 ] ::1 /zettaiOpe/admin.php?s=/Home/SMServer/index&search_channel_id=0
INFO: [ app_init ] --START--
INFO: Run Behavior\BuildLiteBehavior [ RunTime:0.000010s ]
INFO: [ app_init ] --END-- [ RunTime:0.000047s ]

[ 2016-03-24T09:53:31+08:00 ] ::1 /zettaiOpe/admin.php?s=/Home/GMExchangeType
INFO: [ app_init ] --START--
INFO: Run Behavior\BuildLiteBehavior [ RunTime:0.000009s ]
INFO: [ app_init ] --END-- [ RunTime:0.000041s ]

[ 2016-03-24T09:53:38+08:00 ] ::1 /zettaiOpe/admin.php?s=/Home/GMExchangeType/index/p/2
INFO: [ app_init ] --START--
INFO: Run Behavior\BuildLiteBehavior [ RunTime:0.000036s ]
INFO: [ app_init ] --END-- [ RunTime:0.000168s ]

[ 2016-03-24T09:53:42+08:00 ] ::1 /zettaiOpe/admin.php?s=/Home/GMExchangeType/status&id=1&p=2
INFO: [ app_init ] --START--
INFO: Run Behavior\BuildLiteBehavior [ RunTime:0.000007s ]
INFO: [ app_init ] --END-- [ RunTime:0.000037s ]

[ 2016-03-24T09:53:44+08:00 ] ::1 /zettaiOpe/admin.php?s=/Home/GMExchangeType/index&p=2
INFO: [ app_init ] --START--
INFO: Run Behavior\BuildLiteBehavior [ RunTime:0.000009s ]
INFO: [ app_init ] --END-- [ RunTime:0.000042s ]

[ 2016-03-24T09:53:46+08:00 ] ::1 /zettaiOpe/admin.php?s=/Home/GMExchangeType/remove&id=1&p=2
INFO: [ app_init ] --START--
INFO: Run Behavior\BuildLiteBehavior [ RunTime:0.000009s ]
INFO: [ app_init ] --END-- [ RunTime:0.000040s ]

[ 2016-03-24T09:53:47+08:00 ] ::1 /zettaiOpe/admin.php?s=/Home/GMExchangeType/index&p=2
INFO: [ app_init ] --START--
INFO: Run Behavior\BuildLiteBehavior [ RunTime:0.000009s ]
INFO: [ app_init ] --END-- [ RunTime:0.000045s ]

[ 2016-03-24T09:54:26+08:00 ] ::1 /zettaiOpe/admin.php?s=/Home/GMExchangeType/remove&id=1&p=2
INFO: [ app_init ] --START--
INFO: Run Behavior\BuildLiteBehavior [ RunTime:0.000013s ]
INFO: [ app_init ] --END-- [ RunTime:0.000072s ]

[ 2016-03-24T09:54:28+08:00 ] ::1 /zettaiOpe/admin.php?s=/Home/GMExchangeType/index&p=2
INFO: [ app_init ] --START--
INFO: Run Behavior\BuildLiteBehavior [ RunTime:0.000009s ]
INFO: [ app_init ] --END-- [ RunTime:0.000041s ]

[ 2016-03-24T09:54:56+08:00 ] ::1 /zettaiOpe/admin.php?s=/Home/GMExchangeType/remove&id=1&p=2
INFO: [ app_init ] --START--
INFO: Run Behavior\BuildLiteBehavior [ RunTime:0.000009s ]
INFO: [ app_init ] --END-- [ RunTime:0.000044s ]

[ 2016-03-24T09:55:02+08:00 ] ::1 /zettaiOpe/admin.php?s=/Home/GMExchangeType/index&p=2
INFO: [ app_init ] --START--
INFO: Run Behavior\BuildLiteBehavior [ RunTime:0.000009s ]
INFO: [ app_init ] --END-- [ RunTime:0.000040s ]

[ 2016-03-24T09:57:18+08:00 ] ::1 /zettaiOpe/admin.php?s=/Home/GMExchangeType/remove&id=1&p=2
INFO: [ app_init ] --START--
INFO: Run Behavior\BuildLiteBehavior [ RunTime:0.000062s ]
INFO: [ app_init ] --END-- [ RunTime:0.000101s ]

[ 2016-03-24T09:57:21+08:00 ] ::1 /zettaiOpe/admin.php?s=/Home/GMExchangeType/index&p=2
INFO: [ app_init ] --START--
INFO: Run Behavior\BuildLiteBehavior [ RunTime:0.000008s ]
INFO: [ app_init ] --END-- [ RunTime:0.000042s ]

[ 2016-03-24T11:35:37+08:00 ] ::1 /zettaiOpe/admin.php?s=/Home/DataRealTime
INFO: [ app_init ] --START--
INFO: Run Behavior\BuildLiteBehavior [ RunTime:0.000011s ]
INFO: [ app_init ] --END-- [ RunTime:0.000061s ]

[ 2016-03-24T13:51:30+08:00 ] ::1 /zettaiOpe/admin.php
INFO: [ app_init ] --START--
INFO: Run Behavior\BuildLiteBehavior [ RunTime:0.000010s ]
INFO: [ app_init ] --END-- [ RunTime:0.000049s ]

[ 2016-03-24T13:51:33+08:00 ] ::1 /zettaiOpe/admin.php?s=/Home/SMChannel
INFO: [ app_init ] --START--
INFO: Run Behavior\BuildLiteBehavior [ RunTime:0.000008s ]
INFO: [ app_init ] --END-- [ RunTime:0.000037s ]

[ 2016-03-24T13:51:34+08:00 ] ::1 /zettaiOpe/admin.php?s=/Home/SMServer
INFO: [ app_init ] --START--
INFO: Run Behavior\BuildLiteBehavior [ RunTime:0.000009s ]
INFO: [ app_init ] --END-- [ RunTime:0.000046s ]

[ 2016-03-24T13:51:36+08:00 ] ::1 /zettaiOpe/admin.php?s=/Home/SMServer/channel&server_id=101&search_channel_id=0&id=1
INFO: [ app_init ] --START--
INFO: Run Behavior\BuildLiteBehavior [ RunTime:0.000028s ]
INFO: [ app_init ] --END-- [ RunTime:0.000121s ]

[ 2016-03-24T13:51:40+08:00 ] ::1 /zettaiOpe/admin.php?s=/Home/SMServer/index&search_channel_id=0
INFO: [ app_init ] --START--
INFO: Run Behavior\BuildLiteBehavior [ RunTime:0.000010s ]
INFO: [ app_init ] --END-- [ RunTime:0.000045s ]

[ 2016-03-24T13:51:43+08:00 ] ::1 /zettaiOpe/admin.php?s=/Home/SMServer/channel&server_id=104&search_channel_id=0&id=4
INFO: [ app_init ] --START--
INFO: Run Behavior\BuildLiteBehavior [ RunTime:0.000009s ]
INFO: [ app_init ] --END-- [ RunTime:0.000040s ]

[ 2016-03-24T13:51:43+08:00 ] ::1 /zettaiOpe/admin.php?s=/Home/SMServer/channel&server_id=104&search_channel_id=0&id=4
INFO: [ app_init ] --START--
INFO: Run Behavior\BuildLiteBehavior [ RunTime:0.000008s ]
INFO: [ app_init ] --END-- [ RunTime:0.000039s ]

[ 2016-03-24T13:51:48+08:00 ] ::1 /zettaiOpe/admin.php?s=/Home/SMServer/index&search_channel_id=0
INFO: [ app_init ] --START--
INFO: Run Behavior\BuildLiteBehavior [ RunTime:0.000007s ]
INFO: [ app_init ] --END-- [ RunTime:0.000036s ]

[ 2016-03-24T13:51:49+08:00 ] ::1 /zettaiOpe/admin.php?s=/Home/SMServer/channel&server_id=102&search_channel_id=0&id=2
INFO: [ app_init ] --START--
INFO: Run Behavior\BuildLiteBehavior [ RunTime:0.000007s ]
INFO: [ app_init ] --END-- [ RunTime:0.000036s ]

[ 2016-03-24T13:51:53+08:00 ] ::1 /zettaiOpe/admin.php?s=/Home/SMServer/index&search_channel_id=0
INFO: [ app_init ] --START--
INFO: Run Behavior\BuildLiteBehavior [ RunTime:0.000008s ]
INFO: [ app_init ] --END-- [ RunTime:0.000040s ]

[ 2016-03-24T13:51:56+08:00 ] ::1 /zettaiOpe/admin.php?s=/Home/SMServer/channel&server_id=103&search_channel_id=0&id=3
INFO: [ app_init ] --START--
INFO: Run Behavior\BuildLiteBehavior [ RunTime:0.000009s ]
INFO: [ app_init ] --END-- [ RunTime:0.000044s ]

[ 2016-03-24T13:51:56+08:00 ] ::1 /zettaiOpe/admin.php?s=/Home/SMServer/channel&server_id=103&search_channel_id=0&id=3
INFO: [ app_init ] --START--
INFO: Run Behavior\BuildLiteBehavior [ RunTime:0.000009s ]
INFO: [ app_init ] --END-- [ RunTime:0.000045s ]

[ 2016-03-24T13:51:58+08:00 ] ::1 /zettaiOpe/admin.php?s=/Home/SMServer/index&search_channel_id=0
INFO: [ app_init ] --START--
INFO: Run Behavior\BuildLiteBehavior [ RunTime:0.000021s ]
INFO: [ app_init ] --END-- [ RunTime:0.000127s ]

[ 2016-03-24T19:32:12+08:00 ] ::1 /zettaiOpe/admin.php
INFO: [ app_init ] --START--
INFO: Run Behavior\BuildLiteBehavior [ RunTime:0.000010s ]
INFO: [ app_init ] --END-- [ RunTime:0.000048s ]

[ 2016-03-24T19:32:20+08:00 ] ::1 /zettaiOpe/admin.php?s=/Home/SMServer
INFO: [ app_init ] --START--
INFO: Run Behavior\BuildLiteBehavior [ RunTime:0.000012s ]
INFO: [ app_init ] --END-- [ RunTime:0.000061s ]

[ 2016-03-24T19:32:29+08:00 ] ::1 /zettaiOpe/admin.php?s=/Home/SMServer/channel&server_id=101&search_channel_id=0&id=1
INFO: [ app_init ] --START--
INFO: Run Behavior\BuildLiteBehavior [ RunTime:0.000009s ]
INFO: [ app_init ] --END-- [ RunTime:0.000047s ]

[ 2016-03-24T19:32:31+08:00 ] ::1 /zettaiOpe/admin.php?s=/Home/SMServer/channelAdd&server_id=101&search_channel_id=0&id=1
INFO: [ app_init ] --START--
INFO: Run Behavior\BuildLiteBehavior [ RunTime:0.000011s ]
INFO: [ app_init ] --END-- [ RunTime:0.000048s ]

[ 2016-03-24T19:32:32+08:00 ] ::1 /zettaiOpe/admin.php?s=/Home/SMServer/channelAdd&server_id=101&search_channel_id=0&id=1
INFO: [ app_init ] --START--
INFO: Run Behavior\BuildLiteBehavior [ RunTime:0.000060s ]
INFO: [ app_init ] --END-- [ RunTime:0.000137s ]

[ 2016-03-24T19:34:58+08:00 ] ::1 /zettaiOpe/admin.php?s=/Home/SMServer/channel&server_id=101&search_channel_id=0&id=1
INFO: [ app_init ] --START--
INFO: Run Behavior\BuildLiteBehavior [ RunTime:0.000012s ]
INFO: [ app_init ] --END-- [ RunTime:0.000059s ]

[ 2016-03-24T19:38:27+08:00 ] ::1 /zettaiOpe/admin.php?s=/Home/SMServer/channel&server_id=101&search_channel_id=0&id=1
INFO: [ app_init ] --START--
INFO: Run Behavior\BuildLiteBehavior [ RunTime:0.000012s ]
INFO: [ app_init ] --END-- [ RunTime:0.000086s ]

[ 2016-03-24T19:38:29+08:00 ] ::1 /zettaiOpe/admin.php?s=/Home/SMServer/channelOpenAll
INFO: [ app_init ] --START--
INFO: Run Behavior\BuildLiteBehavior [ RunTime:0.000010s ]
INFO: [ app_init ] --END-- [ RunTime:0.000049s ]
ERR: 非法操作:channelOpenAll

[ 2016-03-24T19:40:50+08:00 ] ::1 /zettaiOpe/admin.php?s=/Home/SMServer/channel&server_id=101&search_channel_id=0&id=1
INFO: [ app_init ] --START--
INFO: Run Behavior\BuildLiteBehavior [ RunTime:0.000012s ]
INFO: [ app_init ] --END-- [ RunTime:0.000059s ]

[ 2016-03-24T19:40:51+08:00 ] ::1 /zettaiOpe/admin.php?s=/Home/SMServer/channel&server_id=101&search_channel_id=0&id=1
INFO: [ app_init ] --START--
INFO: Run Behavior\BuildLiteBehavior [ RunTime:0.000009s ]
INFO: [ app_init ] --END-- [ RunTime:0.000040s ]

[ 2016-03-24T19:40:58+08:00 ] ::1 /zettaiOpe/admin.php?s=/Home/SMServer/channel&server_id=101&search_channel_id=0&id=1
INFO: [ app_init ] --START--
INFO: Run Behavior\BuildLiteBehavior [ RunTime:0.000009s ]
INFO: [ app_init ] --END-- [ RunTime:0.000044s ]

[ 2016-03-24T19:51:08+08:00 ] ::1 /zettaiOpe/admin.php?s=/Home/SMServer/channelOpenAll
INFO: [ app_init ] --START--
INFO: Run Behavior\BuildLiteBehavior [ RunTime:0.000032s ]
INFO: [ app_init ] --END-- [ RunTime:0.000144s ]

[ 2016-03-24T19:51:12+08:00 ] ::1 /zettaiOpe/admin.php?s=/Home/SMServer/channel&server_id=101&search_channel_id=0&id=1
INFO: [ app_init ] --START--
INFO: Run Behavior\BuildLiteBehavior [ RunTime:0.000008s ]
INFO: [ app_init ] --END-- [ RunTime:0.000040s ]

[ 2016-03-24T19:51:14+08:00 ] ::1 /zettaiOpe/admin.php?s=/Home/SMServer/channelOpenAll&server_id=101
INFO: [ app_init ] --START--
INFO: Run Behavior\BuildLiteBehavior [ RunTime:0.000010s ]
INFO: [ app_init ] --END-- [ RunTime:0.000047s ]

[ 2016-03-24T19:51:19+08:00 ] ::1 /zettaiOpe/admin.php?s=/Home/SMServer/channelOpenAll&server_id=101
INFO: [ app_init ] --START--
INFO: Run Behavior\BuildLiteBehavior [ RunTime:0.000011s ]
INFO: [ app_init ] --END-- [ RunTime:0.000050s ]

[ 2016-03-24T19:51:32+08:00 ] ::1 /zettaiOpe/admin.php?s=/Home/SMServer/channelOpenAll&server_id=101
INFO: [ app_init ] --START--
INFO: Run Behavior\BuildLiteBehavior [ RunTime:0.000009s ]
INFO: [ app_init ] --END-- [ RunTime:0.000045s ]

[ 2016-03-24T19:52:19+08:00 ] ::1 /zettaiOpe/admin.php?s=/Home/SMServer/channel&server_id=101&search_channel_id=0&id=1
INFO: [ app_init ] --START--
INFO: Run Behavior\BuildLiteBehavior [ RunTime:0.000011s ]
INFO: [ app_init ] --END-- [ RunTime:0.000057s ]

[ 2016-03-24T19:52:44+08:00 ] ::1 /zettaiOpe/admin.php?s=/Home/SMServer/channelOpenAll&server_id=101
INFO: [ app_init ] --START--
INFO: Run Behavior\BuildLiteBehavior [ RunTime:0.000010s ]
INFO: [ app_init ] --END-- [ RunTime:0.000048s ]

[ 2016-03-24T19:53:46+08:00 ] ::1 /zettaiOpe/admin.php?s=/Home/SMServer/channel&server_id=101&search_channel_id=0&id=1
INFO: [ app_init ] --START--
INFO: Run Behavior\BuildLiteBehavior [ RunTime:0.000011s ]
INFO: [ app_init ] --END-- [ RunTime:0.000055s ]

[ 2016-03-24T19:53:49+08:00 ] ::1 /zettaiOpe/admin.php?s=/Home/SMServer/channelOpenAll&server_id=101
INFO: [ app_init ] --START--
INFO: Run Behavior\BuildLiteBehavior [ RunTime:0.000025s ]
INFO: [ app_init ] --END-- [ RunTime:0.000116s ]

[ 2016-03-24T19:53:50+08:00 ] ::1 /zettaiOpe/admin.php?s=/Home/SMServer/channel&amp;server_id=101&amp;search_channel_id=0&amp;id=1
INFO: [ app_init ] --START--
INFO: Run Behavior\BuildLiteBehavior [ RunTime:0.000009s ]
INFO: [ app_init ] --END-- [ RunTime:0.000040s ]

[ 2016-03-24T19:53:55+08:00 ] ::1 /zettaiOpe/admin.php?s=/Home/SMServer/channelOpenAll&server_id=
INFO: [ app_init ] --START--
INFO: Run Behavior\BuildLiteBehavior [ RunTime:0.000009s ]
INFO: [ app_init ] --END-- [ RunTime:0.000043s ]

[ 2016-03-24T19:53:56+08:00 ] ::1 /zettaiOpe/admin.php?s=/Home/SMServer/channel&amp;amp;server_id=101&amp;amp;search_channel_id=0&amp;amp;id=1
INFO: [ app_init ] --START--
INFO: Run Behavior\BuildLiteBehavior [ RunTime:0.000009s ]
INFO: [ app_init ] --END-- [ RunTime:0.000041s ]

[ 2016-03-24T19:54:05+08:00 ] ::1 /zettaiOpe/admin.php?s=/Home/SMServer/index&search_channel_id=
INFO: [ app_init ] --START--
INFO: Run Behavior\BuildLiteBehavior [ RunTime:0.000010s ]
INFO: [ app_init ] --END-- [ RunTime:0.000046s ]

[ 2016-03-24T19:54:09+08:00 ] ::1 /zettaiOpe/admin.php?s=/Home/SMServer/channel&server_id=101&search_channel_id=0&id=1
INFO: [ app_init ] --START--
INFO: Run Behavior\BuildLiteBehavior [ RunTime:0.000009s ]
INFO: [ app_init ] --END-- [ RunTime:0.000042s ]

[ 2016-03-24T19:54:14+08:00 ] ::1 /zettaiOpe/admin.php?s=/Home/SMServer/channelOpenAll&server_id=101
INFO: [ app_init ] --START--
INFO: Run Behavior\BuildLiteBehavior [ RunTime:0.000013s ]
INFO: [ app_init ] --END-- [ RunTime:0.000061s ]

[ 2016-03-24T19:54:16+08:00 ] ::1 /zettaiOpe/admin.php?s=/Home/SMServer/channel&amp;server_id=101&amp;search_channel_id=0&amp;id=1
INFO: [ app_init ] --START--
INFO: Run Behavior\BuildLiteBehavior [ RunTime:0.000009s ]
INFO: [ app_init ] --END-- [ RunTime:0.000042s ]

[ 2016-03-24T19:54:29+08:00 ] ::1 /zettaiOpe/admin.php?s=/Home/SMServer/channel&server_id=101&amp;search_channel_id=0&amp;id=1
INFO: [ app_init ] --START--
INFO: Run Behavior\BuildLiteBehavior [ RunTime:0.000009s ]
INFO: [ app_init ] --END-- [ RunTime:0.000041s ]

[ 2016-03-24T19:54:47+08:00 ] ::1 /zettaiOpe/admin.php?s=/Home/SMServer/index&search_channel_id=
INFO: [ app_init ] --START--
INFO: Run Behavior\BuildLiteBehavior [ RunTime:0.000017s ]
INFO: [ app_init ] --END-- [ RunTime:0.000075s ]

[ 2016-03-24T19:54:51+08:00 ] ::1 /zettaiOpe/admin.php?s=/Home/SMServer/channel&server_id=101&search_channel_id=0&id=1
INFO: [ app_init ] --START--
INFO: Run Behavior\BuildLiteBehavior [ RunTime:0.000009s ]
INFO: [ app_init ] --END-- [ RunTime:0.000046s ]

[ 2016-03-24T19:54:53+08:00 ] ::1 /zettaiOpe/admin.php?s=/Home/SMServer/index&search_channel_id=0
INFO: [ app_init ] --START--
INFO: Run Behavior\BuildLiteBehavior [ RunTime:0.000008s ]
INFO: [ app_init ] --END-- [ RunTime:0.000040s ]

[ 2016-03-24T19:55:07+08:00 ] ::1 /zettaiOpe/admin.php?s=/Home/SMServer/channel&server_id=101&search_channel_id=0&id=1
INFO: [ app_init ] --START--
INFO: Run Behavior\BuildLiteBehavior [ RunTime:0.000011s ]
INFO: [ app_init ] --END-- [ RunTime:0.000057s ]

[ 2016-03-24T19:55:30+08:00 ] ::1 /zettaiOpe/admin.php?s=/Home/SMServer/channel&server_id=101&search_channel_id=0&id=1
INFO: [ app_init ] --START--
INFO: Run Behavior\BuildLiteBehavior [ RunTime:0.000008s ]
INFO: [ app_init ] --END-- [ RunTime:0.000039s ]

[ 2016-03-24T19:55:33+08:00 ] ::1 /zettaiOpe/admin.php?s=/Home/SMServer/channel&server_id=101&search_channel_id=0&id=1
INFO: [ app_init ] --START--
INFO: Run Behavior\BuildLiteBehavior [ RunTime:0.000007s ]
INFO: [ app_init ] --END-- [ RunTime:0.000038s ]

[ 2016-03-24T19:56:28+08:00 ] ::1 /zettaiOpe/admin.php?s=/Home/SMServer/channel&server_id=101&search_channel_id=0&id=1
INFO: [ app_init ] --START--
INFO: Run Behavior\BuildLiteBehavior [ RunTime:0.000011s ]
INFO: [ app_init ] --END-- [ RunTime:0.000053s ]

[ 2016-03-24T19:56:31+08:00 ] ::1 /zettaiOpe/admin.php?s=/Home/SMServer/channelOpenAll&server_id=101
INFO: [ app_init ] --START--
INFO: Run Behavior\BuildLiteBehavior [ RunTime:0.000009s ]
INFO: [ app_init ] --END-- [ RunTime:0.000040s ]

[ 2016-03-24T19:56:32+08:00 ] ::1 /zettaiOpe/admin.php?s=/Home/SMServer/channel&amp;server_id=101&amp;search_channel_id=0&amp;id=1
INFO: [ app_init ] --START--
INFO: Run Behavior\BuildLiteBehavior [ RunTime:0.000009s ]
INFO: [ app_init ] --END-- [ RunTime:0.000040s ]

[ 2016-03-24T19:56:40+08:00 ] ::1 /zettaiOpe/admin.php?s=/Home/SMServer/channel&amp;server_id=101&amp;search_channel_id=0&amp;id=1
INFO: [ app_init ] --START--
INFO: Run Behavior\BuildLiteBehavior [ RunTime:0.000013s ]
INFO: [ app_init ] --END-- [ RunTime:0.000056s ]

[ 2016-03-24T19:57:00+08:00 ] ::1 /zettaiOpe/admin.php?s=/Home/SMServer/channel&server_id=101&search_channel_id=0&id=1
INFO: [ app_init ] --START--
INFO: Run Behavior\BuildLiteBehavior [ RunTime:0.000010s ]
INFO: [ app_init ] --END-- [ RunTime:0.000050s ]

[ 2016-03-24T19:57:44+08:00 ] ::1 /zettaiOpe/admin.php?s=/Home/SMServer/channelOpenAll&server_id=101
INFO: [ app_init ] --START--
INFO: Run Behavior\BuildLiteBehavior [ RunTime:0.000009s ]
INFO: [ app_init ] --END-- [ RunTime:0.000045s ]

[ 2016-03-24T19:57:45+08:00 ] ::1 /zettaiOpe/admin.php?s=/Home/SMServer/channel&amp;server_id=101&amp;search_channel_id=0&amp;id=1
INFO: [ app_init ] --START--
INFO: Run Behavior\BuildLiteBehavior [ RunTime:0.000009s ]
INFO: [ app_init ] --END-- [ RunTime:0.000039s ]

[ 2016-03-24T19:59:28+08:00 ] ::1 /zettaiOpe/admin.php?s=/Home/SMServer/channel&server_id=101&search_channel_id=0&id=1
INFO: [ app_init ] --START--
INFO: Run Behavior\BuildLiteBehavior [ RunTime:0.000013s ]
INFO: [ app_init ] --END-- [ RunTime:0.000062s ]

[ 2016-03-24T19:59:31+08:00 ] ::1 /zettaiOpe/admin.php?s=/Home/SMServer/channelOpenAll&server_id=101
INFO: [ app_init ] --START--
INFO: Run Behavior\BuildLiteBehavior [ RunTime:0.000012s ]
INFO: [ app_init ] --END-- [ RunTime:0.000058s ]

[ 2016-03-24T19:59:31+08:00 ] ::1 /zettaiOpe/admin.php?s=/Home/SMServer/channelOpenAll&server_id=101
INFO: [ app_init ] --START--
INFO: Run Behavior\BuildLiteBehavior [ RunTime:0.000025s ]
INFO: [ app_init ] --END-- [ RunTime:0.000119s ]

[ 2016-03-24T19:59:32+08:00 ] ::1 /zettaiOpe/admin.php?s=/Home/SMServer/channel&amp;server_id=101&amp;search_channel_id=0&amp;id=1
INFO: [ app_init ] --START--
INFO: Run Behavior\BuildLiteBehavior [ RunTime:0.000027s ]
INFO: [ app_init ] --END-- [ RunTime:0.000124s ]

[ 2016-03-24T20:00:33+08:00 ] ::1 /zettaiOpe/admin.php?s=/Home/SMServer/channel&amp;server_id=101&amp;search_channel_id=0&amp;id=1
INFO: [ app_init ] --START--
INFO: Run Behavior\BuildLiteBehavior [ RunTime:0.000011s ]
INFO: [ app_init ] --END-- [ RunTime:0.000055s ]

[ 2016-03-24T20:00:39+08:00 ] ::1 /zettaiOpe/admin.php?s=/Home/SMServer/channelOpenAll&server_id=101
INFO: [ app_init ] --START--
INFO: Run Behavior\BuildLiteBehavior [ RunTime:0.000009s ]
INFO: [ app_init ] --END-- [ RunTime:0.000045s ]

[ 2016-03-24T20:00:41+08:00 ] ::1 /zettaiOpe/admin.php?s=/Home/SMServer/channel&amp;server_id=101&amp;search_channel_id=0&amp;id=1
INFO: [ app_init ] --START--
INFO: Run Behavior\BuildLiteBehavior [ RunTime:0.000010s ]
INFO: [ app_init ] --END-- [ RunTime:0.000044s ]

[ 2016-03-24T20:00:43+08:00 ] ::1 /zettaiOpe/admin.php?s=/Home/SMServer/channel&amp;server_id=101&amp;search_channel_id=0&amp;id=1
INFO: [ app_init ] --START--
INFO: Run Behavior\BuildLiteBehavior [ RunTime:0.000009s ]
INFO: [ app_init ] --END-- [ RunTime:0.000042s ]

[ 2016-03-24T20:00:44+08:00 ] ::1 /zettaiOpe/admin.php?s=/Home/SMServer/channelOpenAll&server_id=
INFO: [ app_init ] --START--
INFO: Run Behavior\BuildLiteBehavior [ RunTime:0.000009s ]
INFO: [ app_init ] --END-- [ RunTime:0.000042s ]

[ 2016-03-24T20:00:46+08:00 ] ::1 /zettaiOpe/admin.php?s=/Home/SMServer/channel&amp;amp;server_id=101&amp;amp;search_channel_id=0&amp;amp;id=1
INFO: [ app_init ] --START--
INFO: Run Behavior\BuildLiteBehavior [ RunTime:0.000008s ]
INFO: [ app_init ] --END-- [ RunTime:0.000040s ]

[ 2016-03-24T20:00:50+08:00 ] ::1 /zettaiOpe/admin.php?s=/Home/SMServer/index&search_channel_id=
INFO: [ app_init ] --START--
INFO: Run Behavior\BuildLiteBehavior [ RunTime:0.000013s ]
INFO: [ app_init ] --END-- [ RunTime:0.000054s ]

[ 2016-03-24T20:00:50+08:00 ] ::1 /zettaiOpe/admin.php?s=/Home/SMServer/index&search_channel_id=
INFO: [ app_init ] --START--
INFO: Run Behavior\BuildLiteBehavior [ RunTime:0.000019s ]
INFO: [ app_init ] --END-- [ RunTime:0.000112s ]

[ 2016-03-24T20:00:54+08:00 ] ::1 /zettaiOpe/admin.php?s=/Home/SMServer/channel&server_id=101&search_channel_id=0&id=1
INFO: [ app_init ] --START--
INFO: Run Behavior\BuildLiteBehavior [ RunTime:0.000024s ]
INFO: [ app_init ] --END-- [ RunTime:0.000104s ]

[ 2016-03-24T20:00:54+08:00 ] ::1 /zettaiOpe/admin.php?s=/Home/SMServer/channel&server_id=101&search_channel_id=0&id=1
INFO: [ app_init ] --START--
INFO: Run Behavior\BuildLiteBehavior [ RunTime:0.000010s ]
INFO: [ app_init ] --END-- [ RunTime:0.000052s ]

[ 2016-03-24T20:00:57+08:00 ] ::1 /zettaiOpe/admin.php?s=/Home/SMServer/channelOpenAll&server_id=101
INFO: [ app_init ] --START--
INFO: Run Behavior\BuildLiteBehavior [ RunTime:0.000016s ]
INFO: [ app_init ] --END-- [ RunTime:0.000072s ]

[ 2016-03-24T20:00:58+08:00 ] ::1 /zettaiOpe/admin.php?s=/Home/SMServer/channel&amp;server_id=101&amp;search_channel_id=0&amp;id=1
INFO: [ app_init ] --START--
INFO: Run Behavior\BuildLiteBehavior [ RunTime:0.000009s ]
INFO: [ app_init ] --END-- [ RunTime:0.000041s ]

[ 2016-03-24T20:01:58+08:00 ] ::1 /zettaiOpe/admin.php?s=/Home/SMServer/channel&amp;server_id=101&amp;search_channel_id=0&amp;id=1
INFO: [ app_init ] --START--
INFO: Run Behavior\BuildLiteBehavior [ RunTime:0.000010s ]
INFO: [ app_init ] --END-- [ RunTime:0.000045s ]

[ 2016-03-24T20:02:00+08:00 ] ::1 /zettaiOpe/admin.php?s=/Home/SMServer/channelOpenAll&server_id=
INFO: [ app_init ] --START--
INFO: Run Behavior\BuildLiteBehavior [ RunTime:0.000009s ]
INFO: [ app_init ] --END-- [ RunTime:0.000045s ]

[ 2016-03-24T20:02:02+08:00 ] ::1 /zettaiOpe/admin.php?s=/Home/SMServer/channel&amp;amp;server_id=101&amp;amp;search_channel_id=0&amp;amp;id=1
INFO: [ app_init ] --START--
INFO: Run Behavior\BuildLiteBehavior [ RunTime:0.000009s ]
INFO: [ app_init ] --END-- [ RunTime:0.000091s ]

[ 2016-03-24T20:02:07+08:00 ] ::1 /zettaiOpe/admin.php?s=/Home/SMServer/index&search_channel_id=
INFO: [ app_init ] --START--
INFO: Run Behavior\BuildLiteBehavior [ RunTime:0.000029s ]
INFO: [ app_init ] --END-- [ RunTime:0.000136s ]

[ 2016-03-24T20:02:14+08:00 ] ::1 /zettaiOpe/admin.php?s=/Home/SMServer/channel&server_id=101&search_channel_id=0&id=1
INFO: [ app_init ] --START--
INFO: Run Behavior\BuildLiteBehavior [ RunTime:0.000013s ]
INFO: [ app_init ] --END-- [ RunTime:0.000064s ]

[ 2016-03-24T20:02:17+08:00 ] ::1 /zettaiOpe/admin.php?s=/Home/SMServer/channelOpenAll&server_id=101
INFO: [ app_init ] --START--
INFO: Run Behavior\BuildLiteBehavior [ RunTime:0.000009s ]
INFO: [ app_init ] --END-- [ RunTime:0.000048s ]

[ 2016-03-24T20:02:17+08:00 ] ::1 /zettaiOpe/admin.php?s=/Home/SMServer/channelOpenAll&server_id=101
INFO: [ app_init ] --START--
INFO: Run Behavior\BuildLiteBehavior [ RunTime:0.000009s ]
INFO: [ app_init ] --END-- [ RunTime:0.000048s ]

[ 2016-03-24T20:02:18+08:00 ] ::1 /zettaiOpe/admin.php?s=/Home/SMServer/channel&amp;server_id=101&amp;search_channel_id=0&amp;id=1
INFO: [ app_init ] --START--
INFO: Run Behavior\BuildLiteBehavior [ RunTime:0.000025s ]
INFO: [ app_init ] --END-- [ RunTime:0.000125s ]

[ 2016-03-24T20:02:25+08:00 ] ::1 /zettaiOpe/admin.php?s=/Home/SMServer/index&search_channel_id=
INFO: [ app_init ] --START--
INFO: Run Behavior\BuildLiteBehavior [ RunTime:0.000009s ]
INFO: [ app_init ] --END-- [ RunTime:0.000042s ]

[ 2016-03-24T20:02:52+08:00 ] ::1 /zettaiOpe/admin.php?s=/Home/SMServer/channel&server_id=101&search_channel_id=0&id=1
INFO: [ app_init ] --START--
INFO: Run Behavior\BuildLiteBehavior [ RunTime:0.000009s ]
INFO: [ app_init ] --END-- [ RunTime:0.000043s ]

[ 2016-03-24T20:03:06+08:00 ] ::1 /zettaiOpe/admin.php?s=/Home/SMServer/channel&server_id=101&search_channel_id=0&id=1
INFO: [ app_init ] --START--
INFO: Run Behavior\BuildLiteBehavior [ RunTime:0.000019s ]
INFO: [ app_init ] --END-- [ RunTime:0.000083s ]

[ 2016-03-24T20:03:27+08:00 ] ::1 /zettaiOpe/admin.php?s=/Home/SMServer/channel&server_id=101&search_channel_id=0&id=1
INFO: [ app_init ] --START--
INFO: Run Behavior\BuildLiteBehavior [ RunTime:0.000007s ]
INFO: [ app_init ] --END-- [ RunTime:0.000038s ]

[ 2016-03-24T20:04:39+08:00 ] ::1 /zettaiOpe/admin.php?s=/Home/SMServer/channel&server_id=101&search_channel_id=0&id=1
INFO: [ app_init ] --START--
INFO: Run Behavior\BuildLiteBehavior [ RunTime:0.000011s ]
INFO: [ app_init ] --END-- [ RunTime:0.000055s ]

[ 2016-03-24T20:04:53+08:00 ] ::1 /zettaiOpe/admin.php?s=/Home/SMServer/channel&server_id=101&search_channel_id=0&id=1
INFO: [ app_init ] --START--
INFO: Run Behavior\BuildLiteBehavior [ RunTime:0.000158s ]
INFO: [ app_init ] --END-- [ RunTime:0.000385s ]

[ 2016-03-24T20:05:01+08:00 ] ::1 /zettaiOpe/admin.php?s=/Home/SMServer/channel&server_id=101&search_channel_id=0&id=1
INFO: [ app_init ] --START--
INFO: Run Behavior\BuildLiteBehavior [ RunTime:0.000011s ]
INFO: [ app_init ] --END-- [ RunTime:0.000049s ]

[ 2016-03-24T20:05:14+08:00 ] ::1 /zettaiOpe/admin.php?s=/Home/SMServer/channel&server_id=101&search_channel_id=0&id=1
INFO: [ app_init ] --START--
INFO: Run Behavior\BuildLiteBehavior [ RunTime:0.000008s ]
INFO: [ app_init ] --END-- [ RunTime:0.000040s ]

[ 2016-03-24T20:06:25+08:00 ] ::1 /zettaiOpe/admin.php?s=/Home/SMServer/channel&amp;server_id=101&amp;search_channel_id=0&amp;id=1
INFO: [ app_init ] --START--
INFO: Run Behavior\BuildLiteBehavior [ RunTime:0.000009s ]
INFO: [ app_init ] --END-- [ RunTime:0.000043s ]

[ 2016-03-24T20:06:40+08:00 ] ::1 /zettaiOpe/admin.php?s=/Home/SMServer/channel&amp;server_id=101&amp;search_channel_id=0&amp;id=1
INFO: [ app_init ] --START--
INFO: Run Behavior\BuildLiteBehavior [ RunTime:0.000012s ]
INFO: [ app_init ] --END-- [ RunTime:0.000059s ]

[ 2016-03-24T20:06:44+08:00 ] ::1 /zettaiOpe/admin.php?s=/Home/SMServer/channel&amp;amp;server_id=101&amp;amp;search_channel_id=0&amp;amp;id=1
INFO: [ app_init ] --START--
INFO: Run Behavior\BuildLiteBehavior [ RunTime:0.000008s ]
INFO: [ app_init ] --END-- [ RunTime:0.000039s ]

[ 2016-03-24T20:06:46+08:00 ] ::1 /zettaiOpe/admin.php?s=/Home/SMServer/channel&amp;amp;amp;server_id=101&amp;amp;amp;search_channel_id=0&amp;amp;amp;id=1
INFO: [ app_init ] --START--
INFO: Run Behavior\BuildLiteBehavior [ RunTime:0.000008s ]
INFO: [ app_init ] --END-- [ RunTime:0.000039s ]

[ 2016-03-24T20:06:52+08:00 ] ::1 /zettaiOpe/admin.php?s=/Home/SMServer/channel&amp;amp;amp;amp;server_id=101&amp;amp;amp;amp;search_channel_id=0&amp;amp;amp;amp;id=1
INFO: [ app_init ] --START--
INFO: Run Behavior\BuildLiteBehavior [ RunTime:0.000009s ]
INFO: [ app_init ] --END-- [ RunTime:0.000046s ]

[ 2016-03-24T20:06:55+08:00 ] ::1 /zettaiOpe/admin.php?s=/Home/SMServer/channel&server_id=101&search_channel_id=0&id=1
INFO: [ app_init ] --START--
INFO: Run Behavior\BuildLiteBehavior [ RunTime:0.000009s ]
INFO: [ app_init ] --END-- [ RunTime:0.000042s ]

[ 2016-03-24T20:06:57+08:00 ] ::1 /zettaiOpe/admin.php?s=/Home/SMServer/channel&server_id=101&search_channel_id=0&id=1
INFO: [ app_init ] --START--
INFO: Run Behavior\BuildLiteBehavior [ RunTime:0.000009s ]
INFO: [ app_init ] --END-- [ RunTime:0.000042s ]

[ 2016-03-24T20:07:16+08:00 ] ::1 /zettaiOpe/admin.php?s=/Home/SMServer/channel&server_id=101&search_channel_id=0&id=1
INFO: [ app_init ] --START--
INFO: Run Behavior\BuildLiteBehavior [ RunTime:0.000010s ]
INFO: [ app_init ] --END-- [ RunTime:0.000047s ]

[ 2016-03-24T20:07:21+08:00 ] ::1 /zettaiOpe/admin.php?s=/Home/SMServer/channelOpenAll&server_id=101
INFO: [ app_init ] --START--
INFO: Run Behavior\BuildLiteBehavior [ RunTime:0.000008s ]
INFO: [ app_init ] --END-- [ RunTime:0.000040s ]

[ 2016-03-24T20:07:21+08:00 ] ::1 /zettaiOpe/admin.php?s=/Home/SMServer/channel&server_id=101&search_channel_id=0&id=1
INFO: [ app_init ] --START--
INFO: Run Behavior\BuildLiteBehavior [ RunTime:0.000008s ]
INFO: [ app_init ] --END-- [ RunTime:0.000040s ]

[ 2016-03-24T20:08:18+08:00 ] ::1 /zettaiOpe/admin.php?s=/Home/SMServer/channel&server_id=101&search_channel_id=0&id=1
INFO: [ app_init ] --START--
INFO: Run Behavior\BuildLiteBehavior [ RunTime:0.000231s ]
INFO: [ app_init ] --END-- [ RunTime:0.000362s ]

[ 2016-03-24T20:08:20+08:00 ] ::1 /zettaiOpe/admin.php?s=/Home/SMServer/channelCloseAll&server_id=101
INFO: [ app_init ] --START--
INFO: Run Behavior\BuildLiteBehavior [ RunTime:0.000010s ]
INFO: [ app_init ] --END-- [ RunTime:0.000040s ]

[ 2016-03-24T20:08:21+08:00 ] ::1 /zettaiOpe/admin.php?s=/Home/SMServer/channel&server_id=101&search_channel_id=0&id=1
INFO: [ app_init ] --START--
INFO: Run Behavior\BuildLiteBehavior [ RunTime:0.000009s ]
INFO: [ app_init ] --END-- [ RunTime:0.000041s ]

[ 2016-03-24T20:08:24+08:00 ] ::1 /zettaiOpe/admin.php?s=/Home/SMServer/channelOpenAll&server_id=101
INFO: [ app_init ] --START--
INFO: Run Behavior\BuildLiteBehavior [ RunTime:0.000009s ]
INFO: [ app_init ] --END-- [ RunTime:0.000040s ]

[ 2016-03-24T20:08:25+08:00 ] ::1 /zettaiOpe/admin.php?s=/Home/SMServer/channel&server_id=101&search_channel_id=0&id=1
INFO: [ app_init ] --START--
INFO: Run Behavior\BuildLiteBehavior [ RunTime:0.000031s ]
INFO: [ app_init ] --END-- [ RunTime:0.000167s ]

[ 2016-03-24T20:11:17+08:00 ] ::1 /zettaiOpe/admin.php?s=/Home/SMServer/channel&server_id=101&search_channel_id=0&id=1
INFO: [ app_init ] --START--
INFO: Run Behavior\BuildLiteBehavior [ RunTime:0.000014s ]
INFO: [ app_init ] --END-- [ RunTime:0.000058s ]

[ 2016-03-24T20:11:44+08:00 ] ::1 /zettaiOpe/admin.php?s=/Home/SMServer/channel&server_id=101&search_channel_id=0&id=1
INFO: [ app_init ] --START--
INFO: Run Behavior\BuildLiteBehavior [ RunTime:0.000013s ]
INFO: [ app_init ] --END-- [ RunTime:0.000060s ]

[ 2016-03-24T20:12:21+08:00 ] ::1 /zettaiOpe/admin.php?s=/Home/SMServer/channel&server_id=101&search_channel_id=0&id=1
INFO: [ app_init ] --START--
INFO: Run Behavior\BuildLiteBehavior [ RunTime:0.000019s ]
INFO: [ app_init ] --END-- [ RunTime:0.000088s ]

[ 2016-03-24T20:14:05+08:00 ] ::1 /zettaiOpe/admin.php?s=/Home/SMServer/channel&server_id=101&search_channel_id=0&id=1
INFO: [ app_init ] --START--
INFO: Run Behavior\BuildLiteBehavior [ RunTime:0.000008s ]
INFO: [ app_init ] --END-- [ RunTime:0.000041s ]

[ 2016-03-24T20:15:20+08:00 ] ::1 /zettaiOpe/admin.php?s=/Home/SMServer/channel&server_id=101&search_channel_id=0&id=1
INFO: [ app_init ] --START--
INFO: Run Behavior\BuildLiteBehavior [ RunTime:0.000012s ]
INFO: [ app_init ] --END-- [ RunTime:0.000055s ]

[ 2016-03-24T20:16:01+08:00 ] ::1 /zettaiOpe/admin.php?s=/Home/SMServer/channel&server_id=101&search_channel_id=0&id=1
INFO: [ app_init ] --START--
INFO: Run Behavior\BuildLiteBehavior [ RunTime:0.000012s ]
INFO: [ app_init ] --END-- [ RunTime:0.000061s ]

[ 2016-03-24T20:16:31+08:00 ] ::1 /zettaiOpe/admin.php?s=/Home/SMServer/channel&server_id=101&search_channel_id=0&id=1
INFO: [ app_init ] --START--
INFO: Run Behavior\BuildLiteBehavior [ RunTime:0.000015s ]
INFO: [ app_init ] --END-- [ RunTime:0.000072s ]

[ 2016-03-24T20:17:14+08:00 ] ::1 /zettaiOpe/admin.php?s=/Home/SMServer/channel&server_id=101&search_channel_id=0&id=1
INFO: [ app_init ] --START--
INFO: Run Behavior\BuildLiteBehavior [ RunTime:0.000021s ]
INFO: [ app_init ] --END-- [ RunTime:0.000088s ]

[ 2016-03-24T20:18:40+08:00 ] ::1 /zettaiOpe/admin.php?s=/Home/SMServer/channel&server_id=101&search_channel_id=0&id=1
INFO: [ app_init ] --START--
INFO: Run Behavior\BuildLiteBehavior [ RunTime:0.000019s ]
INFO: [ app_init ] --END-- [ RunTime:0.000081s ]

[ 2016-03-24T20:18:43+08:00 ] ::1 /zettaiOpe/admin.php?s=/Home/SMServer/channelChangeAll&server_id=101&type=-2
INFO: [ app_init ] --START--
INFO: Run Behavior\BuildLiteBehavior [ RunTime:0.000009s ]
INFO: [ app_init ] --END-- [ RunTime:0.000043s ]

[ 2016-03-24T20:18:44+08:00 ] ::1 /zettaiOpe/admin.php?s=/Home/SMServer/channel&server_id=101&search_channel_id=0&id=1
INFO: [ app_init ] --START--
INFO: Run Behavior\BuildLiteBehavior [ RunTime:0.000009s ]
INFO: [ app_init ] --END-- [ RunTime:0.000040s ]

[ 2016-03-24T20:18:52+08:00 ] ::1 /zettaiOpe/admin.php?s=/Home/SMServer/channelChangeAll&server_id=101&type=0
INFO: [ app_init ] --START--
INFO: Run Behavior\BuildLiteBehavior [ RunTime:0.000015s ]
INFO: [ app_init ] --END-- [ RunTime:0.000073s ]

[ 2016-03-24T20:18:53+08:00 ] ::1 /zettaiOpe/admin.php?s=/Home/SMServer/channel&server_id=101&search_channel_id=0&id=1
INFO: [ app_init ] --START--
INFO: Run Behavior\BuildLiteBehavior [ RunTime:0.000009s ]
INFO: [ app_init ] --END-- [ RunTime:0.000039s ]

[ 2016-03-24T20:19:00+08:00 ] ::1 /zettaiOpe/admin.php?s=/Home/SMServer/channelAdd&server_id=101&search_channel_id=0&id=1
INFO: [ app_init ] --START--
INFO: Run Behavior\BuildLiteBehavior [ RunTime:0.000010s ]
INFO: [ app_init ] --END-- [ RunTime:0.000046s ]

[ 2016-03-24T20:20:12+08:00 ] ::1 /zettaiOpe/admin.php?s=/Home/SMServer/channelAdd&server_id=101&search_channel_id=0&id=1
INFO: [ app_init ] --START--
INFO: Run Behavior\BuildLiteBehavior [ RunTime:0.000010s ]
INFO: [ app_init ] --END-- [ RunTime:0.000052s ]

[ 2016-03-24T20:20:46+08:00 ] ::1 /zettaiOpe/admin.php?s=/Home/SMServer/channelAdd&server_id=101&search_channel_id=0&id=1
INFO: [ app_init ] --START--
INFO: Run Behavior\BuildLiteBehavior [ RunTime:0.000011s ]
INFO: [ app_init ] --END-- [ RunTime:0.000050s ]

[ 2016-03-24T20:21:12+08:00 ] ::1 /zettaiOpe/admin.php?s=/Home/SMServer/channelAdd&server_id=101&search_channel_id=0&id=1
INFO: [ app_init ] --START--
INFO: Run Behavior\BuildLiteBehavior [ RunTime:0.000008s ]
INFO: [ app_init ] --END-- [ RunTime:0.000041s ]

[ 2016-03-24T20:21:20+08:00 ] ::1 /zettaiOpe/admin.php?s=/Home/SMServer/channelAdd&server_id=101&search_channel_id=0&id=1
INFO: [ app_init ] --START--
INFO: Run Behavior\BuildLiteBehavior [ RunTime:0.000013s ]
INFO: [ app_init ] --END-- [ RunTime:0.000059s ]

[ 2016-03-24T20:21:30+08:00 ] ::1 /zettaiOpe/admin.php?s=/Home/SMServer/channelAdd&server_id=101&search_channel_id=0&id=1
INFO: [ app_init ] --START--
INFO: Run Behavior\BuildLiteBehavior [ RunTime:0.000014s ]
INFO: [ app_init ] --END-- [ RunTime:0.000066s ]

[ 2016-03-24T20:24:17+08:00 ] ::1 /zettaiOpe/admin.php?s=/Home/SMServer/channel&server_id=101&search_channel_id=0&id=1
INFO: [ app_init ] --START--
INFO: Run Behavior\BuildLiteBehavior [ RunTime:0.000013s ]
INFO: [ app_init ] --END-- [ RunTime:0.000066s ]

[ 2016-03-24T20:24:32+08:00 ] ::1 /zettaiOpe/admin.php?s=/Home/SMServer/channelAdd&server_id=101&search_channel_id=0&id=1
INFO: [ app_init ] --START--
INFO: Run Behavior\BuildLiteBehavior [ RunTime:0.000010s ]
INFO: [ app_init ] --END-- [ RunTime:0.000045s ]

[ 2016-03-24T20:24:32+08:00 ] ::1 /zettaiOpe/admin.php?s=/Home/SMServer/channelAdd&server_id=101&search_channel_id=0&id=1
INFO: [ app_init ] --START--
INFO: Run Behavior\BuildLiteBehavior [ RunTime:0.000009s ]
INFO: [ app_init ] --END-- [ RunTime:0.000040s ]

[ 2016-03-24T20:24:46+08:00 ] ::1 /zettaiOpe/admin.php?s=/Home/SMServer/channel&server_id=101&search_channel_id=0&id=1
INFO: [ app_init ] --START--
INFO: Run Behavior\BuildLiteBehavior [ RunTime:0.000009s ]
INFO: [ app_init ] --END-- [ RunTime:0.000044s ]

[ 2016-03-24T20:28:16+08:00 ] ::1 /zettaiOpe/admin.php?s=/Home/SMServer/channelAdd&server_id=101&search_channel_id=0&id=1
INFO: [ app_init ] --START--
INFO: Run Behavior\BuildLiteBehavior [ RunTime:0.000010s ]
INFO: [ app_init ] --END-- [ RunTime:0.000056s ]

[ 2016-03-24T20:28:31+08:00 ] ::1 /zettaiOpe/admin.php?s=/Home/SMServer/channelAdd&server_id=101&search_channel_id=0&id=1
INFO: [ app_init ] --START--
INFO: Run Behavior\BuildLiteBehavior [ RunTime:0.000012s ]
INFO: [ app_init ] --END-- [ RunTime:0.000058s ]

[ 2016-03-24T20:28:34+08:00 ] ::1 /zettaiOpe/admin.php?s=/Home/SMServer/channel&server_id=101&search_channel_id=0&id=1
INFO: [ app_init ] --START--
INFO: Run Behavior\BuildLiteBehavior [ RunTime:0.000009s ]
INFO: [ app_init ] --END-- [ RunTime:0.000039s ]

[ 2016-03-24T20:29:24+08:00 ] ::1 /zettaiOpe/admin.php?s=/Home/SMServer/channel&server_id=101&search_channel_id=0&id=1
INFO: [ app_init ] --START--
INFO: Run Behavior\BuildLiteBehavior [ RunTime:0.000012s ]
INFO: [ app_init ] --END-- [ RunTime:0.000056s ]

[ 2016-03-24T20:29:26+08:00 ] ::1 /zettaiOpe/admin.php?s=/Home/SMServer/channelAdd&server_id=101&search_channel_id=0&id=1
INFO: [ app_init ] --START--
INFO: Run Behavior\BuildLiteBehavior [ RunTime:0.000011s ]
INFO: [ app_init ] --END-- [ RunTime:0.000053s ]

[ 2016-03-24T20:30:07+08:00 ] ::1 /zettaiOpe/admin.php?s=/Home/SMServer/channelAdd&server_id=101&search_channel_id=0&id=1
INFO: [ app_init ] --START--
INFO: Run Behavior\BuildLiteBehavior [ RunTime:0.000010s ]
INFO: [ app_init ] --END-- [ RunTime:0.000056s ]

[ 2016-03-24T20:30:27+08:00 ] ::1 /zettaiOpe/admin.php?s=/Home/SMServer/channelAdd&server_id=101&search_channel_id=0&id=1
INFO: [ app_init ] --START--
INFO: Run Behavior\BuildLiteBehavior [ RunTime:0.000010s ]
INFO: [ app_init ] --END-- [ RunTime:0.000047s ]

[ 2016-03-24T20:31:03+08:00 ] ::1 /zettaiOpe/admin.php?s=/Home/SMServer/channelAdd&server_id=101&search_channel_id=0&id=1
INFO: [ app_init ] --START--
INFO: Run Behavior\BuildLiteBehavior [ RunTime:0.000010s ]
INFO: [ app_init ] --END-- [ RunTime:0.000064s ]

[ 2016-03-24T20:31:21+08:00 ] ::1 /zettaiOpe/admin.php?s=/Home/SMServer/channelAdd&server_id=101&search_channel_id=0&id=1
INFO: [ app_init ] --START--
INFO: Run Behavior\BuildLiteBehavior [ RunTime:0.000010s ]
INFO: [ app_init ] --END-- [ RunTime:0.000052s ]

[ 2016-03-24T20:31:25+08:00 ] ::1 /zettaiOpe/admin.php?s=/Home/SMServer/channel&server_id=101&search_channel_id=0&id=1
INFO: [ app_init ] --START--
INFO: Run Behavior\BuildLiteBehavior [ RunTime:0.000009s ]
INFO: [ app_init ] --END-- [ RunTime:0.000039s ]

[ 2016-03-24T20:31:42+08:00 ] ::1 /zettaiOpe/admin.php?s=/Home/SMServer/channel&server_id=101&search_channel_id=0&id=1
INFO: [ app_init ] --START--
INFO: Run Behavior\BuildLiteBehavior [ RunTime:0.000010s ]
INFO: [ app_init ] --END-- [ RunTime:0.000051s ]

[ 2016-03-24T20:31:47+08:00 ] ::1 /zettaiOpe/admin.php?s=/Home/SMServer/channelAdd&server_id=101&search_channel_id=0&id=1
INFO: [ app_init ] --START--
INFO: Run Behavior\BuildLiteBehavior [ RunTime:0.000009s ]
INFO: [ app_init ] --END-- [ RunTime:0.000040s ]

[ 2016-03-24T20:32:23+08:00 ] ::1 /zettaiOpe/admin.php?s=/Home/SMServer/channelAdd&server_id=101&search_channel_id=0&id=1
INFO: [ app_init ] --START--
INFO: Run Behavior\BuildLiteBehavior [ RunTime:0.000008s ]
INFO: [ app_init ] --END-- [ RunTime:0.000040s ]

[ 2016-03-24T20:32:42+08:00 ] ::1 /zettaiOpe/admin.php?s=/Home/SMServer/channelAdd&server_id=101&search_channel_id=0&id=1
INFO: [ app_init ] --START--
INFO: Run Behavior\BuildLiteBehavior [ RunTime:0.000011s ]
INFO: [ app_init ] --END-- [ RunTime:0.000091s ]

[ 2016-03-24T20:34:38+08:00 ] ::1 /zettaiOpe/admin.php?s=/Home/SMServer/channelAdd&server_id=101&search_channel_id=0&id=1
INFO: [ app_init ] --START--
INFO: Run Behavior\BuildLiteBehavior [ RunTime:0.000010s ]
INFO: [ app_init ] --END-- [ RunTime:0.000052s ]

[ 2016-03-24T20:34:39+08:00 ] ::1 /zettaiOpe/admin.php?s=/Home/SMServer/channelAdd&server_id=101&search_channel_id=0&id=1
INFO: [ app_init ] --START--
INFO: Run Behavior\BuildLiteBehavior [ RunTime:0.000012s ]
INFO: [ app_init ] --END-- [ RunTime:0.000070s ]

[ 2016-03-24T20:34:48+08:00 ] ::1 /zettaiOpe/admin.php?s=/Home/SMServer/channelAdd&server_id=101&search_channel_id=0&id=1
INFO: [ app_init ] --START--
INFO: Run Behavior\BuildLiteBehavior [ RunTime:0.000028s ]
INFO: [ app_init ] --END-- [ RunTime:0.000135s ]

[ 2016-03-24T20:35:31+08:00 ] ::1 /zettaiOpe/admin.php?s=/Home/SMServer/channelAdd&server_id=101&search_channel_id=0&id=1
INFO: [ app_init ] --START--
INFO: Run Behavior\BuildLiteBehavior [ RunTime:0.000018s ]
INFO: [ app_init ] --END-- [ RunTime:0.000146s ]

[ 2016-03-24T20:35:41+08:00 ] ::1 /zettaiOpe/admin.php?s=/Home/SMServer/channelAdd&server_id=101&search_channel_id=0&id=1
INFO: [ app_init ] --START--
INFO: Run Behavior\BuildLiteBehavior [ RunTime:0.000010s ]
INFO: [ app_init ] --END-- [ RunTime:0.000050s ]

[ 2016-03-24T20:35:46+08:00 ] ::1 /zettaiOpe/admin.php?s=/Home/SMServer/channel&server_id=101&search_channel_id=0&id=1
INFO: [ app_init ] --START--
INFO: Run Behavior\BuildLiteBehavior [ RunTime:0.000008s ]
INFO: [ app_init ] --END-- [ RunTime:0.000039s ]

[ 2016-03-24T20:35:53+08:00 ] ::1 /zettaiOpe/admin.php?s=/Home/SMServer/channelCloseAll&server_id=101
INFO: [ app_init ] --START--
INFO: Run Behavior\BuildLiteBehavior [ RunTime:0.000009s ]
INFO: [ app_init ] --END-- [ RunTime:0.000041s ]

[ 2016-03-24T20:35:54+08:00 ] ::1 /zettaiOpe/admin.php?s=/Home/SMServer/channel&server_id=101&search_channel_id=0&id=1
INFO: [ app_init ] --START--
INFO: Run Behavior\BuildLiteBehavior [ RunTime:0.000009s ]
INFO: [ app_init ] --END-- [ RunTime:0.000047s ]

[ 2016-03-24T20:35:55+08:00 ] ::1 /zettaiOpe/admin.php?s=/Home/SMServer/channelOpenAll&server_id=101
INFO: [ app_init ] --START--
INFO: Run Behavior\BuildLiteBehavior [ RunTime:0.000015s ]
INFO: [ app_init ] --END-- [ RunTime:0.000070s ]

[ 2016-03-24T20:35:56+08:00 ] ::1 /zettaiOpe/admin.php?s=/Home/SMServer/channel&server_id=101&search_channel_id=0&id=1
INFO: [ app_init ] --START--
INFO: Run Behavior\BuildLiteBehavior [ RunTime:0.000019s ]
INFO: [ app_init ] --END-- [ RunTime:0.000087s ]

[ 2016-03-24T20:36:02+08:00 ] ::1 /zettaiOpe/admin.php?s=/Home/SMServer/channelChangeAll&server_id=101&type=1
INFO: [ app_init ] --START--
INFO: Run Behavior\BuildLiteBehavior [ RunTime:0.000010s ]
INFO: [ app_init ] --END-- [ RunTime:0.000043s ]

[ 2016-03-24T20:36:03+08:00 ] ::1 /zettaiOpe/admin.php?s=/Home/SMServer/channel&server_id=101&search_channel_id=0&id=1
INFO: [ app_init ] --START--
INFO: Run Behavior\BuildLiteBehavior [ RunTime:0.000009s ]
INFO: [ app_init ] --END-- [ RunTime:0.000040s ]

